#
# There is insufficient memory for the Java Runtime Environment to continue.
# Native memory allocation (mmap) failed to map 130023424 bytes for G1 virtual space
# Possible reasons:
#   The system is out of physical RAM or swap space
#   The process is running with CompressedOops enabled, and the Java Heap may be blocking the growth of the native heap
# Possible solutions:
#   Reduce memory load on the system
#   Increase physical memory or swap space
#   Check if swap backing store is full
#   Decrease Java heap size (-Xmx/-Xms)
#   Decrease number of Java threads
#   Decrease Java thread stack sizes (-Xss)
#   Set larger code cache with -XX:ReservedCodeCacheSize=
#   JVM is running with Unscaled Compressed Oops mode in which the Java heap is
#     placed in the first 4GB address space. The Java Heap base address is the
#     maximum limit for the native heap growth. Please use -XX:HeapBaseMinAddress
#     to set the Java Heap base and to place the Java Heap above 4GB virtual address.
# This output file may be truncated or incomplete.
#
#  Out of Memory Error (os_windows.cpp:3617), pid=27456, tid=29352
#
# JRE version:  (17.0.8.1+8) (build )
# Java VM: OpenJDK 64-Bit Server VM (17.0.8.1+8-LTS, mixed mode, emulated-client, sharing, tiered, compressed oops, compressed class ptrs, g1 gc, windows-amd64)
# No core dump will be written. Minidumps are not enabled by default on client versions of Windows
#

---------------  S U M M A R Y ------------

Command Line: -XX:TieredStopAtLevel=1 -Dspring.output.ansi.enabled=always -Dcom.sun.management.jmxremote -Dspring.jmx.enabled=true -Dspring.liveBeansView.mbeanDomain -Dspring.application.admin.enabled=true -Dmanagement.endpoints.jmx.exposure.include=* -javaagent:C:\Program Files\JetBrains\IntelliJ IDEA 2023.1\lib\idea_rt.jar=54872:C:\Program Files\JetBrains\IntelliJ IDEA 2023.1\bin -Dfile.encoding=UTF-8 proj.petbuddy.PetbuddyApplication

Host: 12th Gen Intel(R) Core(TM) i7-12700H, 20 cores, 7G,  Windows 10 , 64 bit Build 19041 (10.0.19041.3636)
Time: Fri Apr  5 20:25:01 2024  Windows 10 , 64 bit Build 19041 (10.0.19041.3636) elapsed time: 0.014515 seconds (0d 0h 0m 0s)

---------------  T H R E A D  ---------------

Current thread (0x000002836f914e00):  JavaThread "Unknown thread" [_thread_in_vm, id=29352, stack(0x000000e18b200000,0x000000e18b300000)]

Stack: [0x000000e18b200000,0x000000e18b300000]
Native frames: (J=compiled Java code, j=interpreted, Vv=VM code, C=native code)
V  [jvm.dll+0x64c9da]
V  [jvm.dll+0x800834]
V  [jvm.dll+0x801fee]
V  [jvm.dll+0x802643]
V  [jvm.dll+0x23715b]
V  [jvm.dll+0x64977a]
V  [jvm.dll+0x63e1ca]
V  [jvm.dll+0x2f5e99]
V  [jvm.dll+0x2fd096]
V  [jvm.dll+0x349b7a]
V  [jvm.dll+0x349dbf]
V  [jvm.dll+0x2cc0d8]
V  [jvm.dll+0x2cd069]
V  [jvm.dll+0x7d4491]
V  [jvm.dll+0x357051]
V  [jvm.dll+0x7b485e]
V  [jvm.dll+0x3d45f3]
V  [jvm.dll+0x3d6041]
C  [jli.dll+0x51bf]
C  [ucrtbase.dll+0x21bb2]
C  [KERNEL32.DLL+0x17344]
C  [ntdll.dll+0x526b1]


---------------  P R O C E S S  ---------------

Threads class SMR info:
_java_thread_list=0x00007ff87324f898, length=0, elements={
}

Java Threads: ( => current thread )

Other Threads:
  0x000002836f96db60 GCTaskThread "GC Thread#0" [stack: 0x000000e18b300000,0x000000e18b400000] [id=17384]
  0x000002836f97b1e0 ConcurrentGCThread "G1 Main Marker" [stack: 0x000000e18b400000,0x000000e18b500000] [id=26688]
  0x000002836f97bbf0 ConcurrentGCThread "G1 Conc#0" [stack: 0x000000e18b500000,0x000000e18b600000] [id=29296]

[error occurred during error reporting (printing all threads), id 0xc0000005, EXCEPTION_ACCESS_VIOLATION (0xc0000005) at pc=0x00007ff872a3d377]

VM state: not at safepoint (not fully initialized)

VM Mutex/Monitor currently owned by a thread:  ([mutex/lock_event])
[0x000002836f910c00] Heap_lock - owner thread: 0x000002836f914e00

Heap address: 0x0000000085e00000, size: 1954 MB, Compressed Oops mode: 32-bit

CDS archive(s) mapped at: [0x0000000000000000-0x0000000000000000-0x0000000000000000), size 0, SharedBaseAddress: 0x0000000800000000, ArchiveRelocationMode: 1.
Narrow klass base: 0x0000000000000000, Narrow klass shift: 0, Narrow klass range: 0x0

GC Precious Log:
<Empty>

Heap:
 garbage-first heap   total 0K, used 0K [0x0000000085e00000, 0x0000000100000000)
  region size 1024K, 0 young (0K), 0 survivors (0K)

[error occurred during error reporting (printing heap information), id 0xc0000005, EXCEPTION_ACCESS_VIOLATION (0xc0000005) at pc=0x00007ff872e04bd9]

GC Heap History (0 events):
No events

Dll operation events (1 events):
Event: 0.008 Loaded shared library C:\Users\sol\.jdks\corretto-17.0.8.1\bin\java.dll

Deoptimization events (0 events):
No events

Classes unloaded (0 events):
No events

Classes redefined (0 events):
No events

Internal exceptions (0 events):
No events

VM Operations (0 events):
No events

Events (0 events):
No events


Dynamic libraries:
0x00007ff63a460000 - 0x00007ff63a46d000 	C:\Users\sol\.jdks\corretto-17.0.8.1\bin\java.exe
0x00007ff909210000 - 0x00007ff909408000 	C:\WINDOWS\SYSTEM32\ntdll.dll
0x00007ff908020000 - 0x00007ff9080dd000 	C:\WINDOWS\System32\KERNEL32.DLL
0x00007ff906f40000 - 0x00007ff907236000 	C:\WINDOWS\System32\KERNELBASE.dll
0x00007ff906ad0000 - 0x00007ff906bd0000 	C:\WINDOWS\System32\ucrtbase.dll
0x00007ff8fed10000 - 0x00007ff8fed27000 	C:\Users\sol\.jdks\corretto-17.0.8.1\bin\jli.dll
0x00007ff8fecf0000 - 0x00007ff8fed05000 	C:\Users\sol\.jdks\corretto-17.0.8.1\bin\VCRUNTIME140.dll
0x00007ff908f60000 - 0x00007ff9090fe000 	C:\WINDOWS\System32\USER32.dll
0x00007ff9068c0000 - 0x00007ff9068e2000 	C:\WINDOWS\System32\win32u.dll
0x00007ff907f60000 - 0x00007ff907f8b000 	C:\WINDOWS\System32\GDI32.dll
0x00007ff9069b0000 - 0x00007ff906ac7000 	C:\WINDOWS\System32\gdi32full.dll
0x00007ff906c20000 - 0x00007ff906cbd000 	C:\WINDOWS\System32\msvcp_win.dll
0x00007ff8f09a0000 - 0x00007ff8f0c3a000 	C:\WINDOWS\WinSxS\amd64_microsoft.windows.common-controls_6595b64144ccf1df_6.0.19041.3636_none_60b6a03d71f818d5\COMCTL32.dll
0x00007ff908ec0000 - 0x00007ff908f5e000 	C:\WINDOWS\System32\msvcrt.dll
0x00007ff909190000 - 0x00007ff9091c2000 	C:\WINDOWS\System32\IMM32.DLL
0x00007ff8d2c50000 - 0x00007ff8d2ceb000 	C:\Users\sol\.jdks\corretto-17.0.8.1\bin\msvcp140.dll
0x00007ff872760000 - 0x00007ff87337d000 	C:\Users\sol\.jdks\corretto-17.0.8.1\bin\server\jvm.dll
0x00007ff9076a0000 - 0x00007ff907750000 	C:\WINDOWS\System32\ADVAPI32.dll
0x00007ff9080e0000 - 0x00007ff908180000 	C:\WINDOWS\System32\sechost.dll
0x00007ff907dc0000 - 0x00007ff907ee5000 	C:\WINDOWS\System32\RPCRT4.dll
0x00007ff906980000 - 0x00007ff9069a7000 	C:\WINDOWS\System32\bcrypt.dll
0x00007ff8df550000 - 0x00007ff8df559000 	C:\WINDOWS\SYSTEM32\WSOCK32.dll
0x00007ff908240000 - 0x00007ff9082ab000 	C:\WINDOWS\System32\WS2_32.dll
0x00007ff8fc640000 - 0x00007ff8fc64a000 	C:\WINDOWS\SYSTEM32\VERSION.dll
0x00007ff8f9ac0000 - 0x00007ff8f9ae7000 	C:\WINDOWS\SYSTEM32\WINMM.dll
0x00007ff905e60000 - 0x00007ff905eab000 	C:\WINDOWS\SYSTEM32\POWRPROF.dll
0x00007ff905cd0000 - 0x00007ff905ce2000 	C:\WINDOWS\SYSTEM32\UMPDC.dll
0x00007ff905100000 - 0x00007ff905112000 	C:\WINDOWS\SYSTEM32\kernel.appcore.dll
0x00007ff8fece0000 - 0x00007ff8fecea000 	C:\Users\sol\.jdks\corretto-17.0.8.1\bin\jimage.dll
0x00007ff904620000 - 0x00007ff904804000 	C:\WINDOWS\SYSTEM32\DBGHELP.DLL
0x00007ff8f6fd0000 - 0x00007ff8f7004000 	C:\WINDOWS\SYSTEM32\dbgcore.DLL
0x00007ff9068f0000 - 0x00007ff906972000 	C:\WINDOWS\System32\bcryptPrimitives.dll
0x00007ff902090000 - 0x00007ff90209e000 	C:\Users\sol\.jdks\corretto-17.0.8.1\bin\instrument.dll
0x00007ff8d2c20000 - 0x00007ff8d2c45000 	C:\Users\sol\.jdks\corretto-17.0.8.1\bin\java.dll

dbghelp: loaded successfully - version: 4.0.5 - missing functions: none
symbol engine: initialized successfully - sym options: 0x614 - pdb path: .;C:\Users\sol\.jdks\corretto-17.0.8.1\bin;C:\WINDOWS\SYSTEM32;C:\WINDOWS\WinSxS\amd64_microsoft.windows.common-controls_6595b64144ccf1df_6.0.19041.3636_none_60b6a03d71f818d5;C:\Users\sol\.jdks\corretto-17.0.8.1\bin\server

VM Arguments:
jvm_args: -XX:TieredStopAtLevel=1 -Dspring.output.ansi.enabled=always -Dcom.sun.management.jmxremote -Dspring.jmx.enabled=true -Dspring.liveBeansView.mbeanDomain -Dspring.application.admin.enabled=true -Dmanagement.endpoints.jmx.exposure.include=* -javaagent:C:\Program Files\JetBrains\IntelliJ IDEA 2023.1\lib\idea_rt.jar=54872:C:\Program Files\JetBrains\IntelliJ IDEA 2023.1\bin -Dfile.encoding=UTF-8 
java_command: proj.petbuddy.PetbuddyApplication
java_class_path (initial): C:\Users\sol\Desktop\StyleShare\out\production\classes;C:\Users\sol\Desktop\StyleShare\out\production\resources;C:\Users\sol\.gradle\caches\modules-2\files-2.1\org.projectlombok\lombok\1.18.22\9c08ea24c6eb714e2d6170e8122c069a0ba9aacf\lombok-1.18.22.jar;C:\Users\sol\.gradle\caches\modules-2\files-2.1\org.springframework.boot\spring-boot-starter-security\3.1.4\1c1ab40bcb9037a32b6f4dc9d48d705d9d0679fa\spring-boot-starter-security-3.1.4.jar;C:\Users\sol\.gradle\caches\modules-2\files-2.1\org.springframework.boot\spring-boot-starter-validation\3.1.4\cc8321cfdf6c916d53f693a394a11e1a9b009220\spring-boot-starter-validation-3.1.4.jar;C:\Users\sol\.gradle\caches\modules-2\files-2.1\org.thymeleaf.extras\thymeleaf-extras-springsecurity6\3.1.2.RELEASE\574c188eb147191e2f162419e9fc780fcf3256d7\thymeleaf-extras-springsecurity6-3.1.2.RELEASE.jar;C:\Users\sol\.gradle\caches\modules-2\files-2.1\org.springframework.boot\spring-boot-starter-data-jpa\3.1.4\f01d5f2ecbfef3159879c4a8450b49620ffb96c\spring-boot-starter-data-jpa-3.1.4.jar;C:\Users\sol\.gradle\caches\modules-2\files-2.1\org.springframework.boot\spring-boot-starter-thymeleaf\3.1.4\15d1da5319a8504fe8913778b2360bdd0f35520c\spring-boot-starter-thymeleaf-3.1.4.jar;C:\Users\sol\.gradle\caches\modules-2\files-2.1\org.springframework.boot\spring-boot-starter-web\3.1.4\a0da0751207173c93f9e92e74cae430b53544576\spring-boot-starter-web-3.1.4.jar;C:\Users\sol\.gradle\caches\modules-2\files-2.1\org.springframework.boot\spring-boot-devtools\3.1.4\41aad5bafdbcc2a5a07db8f937991f40fd8928f9\spring-boot-devtools-3.1.4.jar;C:\Users\sol\.gradle\caches\modules-2\files-2.1\com.github.gavlyukovskiy\p6spy-spring-boot-starter\1.9.0\b51740224ed4f0cdca7ba93fe9167e7b97064f41\p6spy-spring-boot-starter-1.9.0.jar;C:\Users\sol\.gradle\caches\modules-2\files-2.1\org.javassist\javassist\3.15.0-GA\79907309ca4bb4e5e51d4086cc4179b2611358d7\javassist-3.15.0-GA.jar;C:\Users\sol\.gradle\caches\modules-2\files-2.1\org.modelmapper\modelmappe
Launcher Type: SUN_STANDARD

[Global flags]
     intx CICompilerCount                          = 12                                        {product} {ergonomic}
     uint ConcGCThreads                            = 4                                         {product} {ergonomic}
     uint G1ConcRefinementThreads                  = 15                                        {product} {ergonomic}
   size_t G1HeapRegionSize                         = 1048576                                   {product} {ergonomic}
    uintx GCDrainStackTargetSize                   = 64                                        {product} {ergonomic}
   size_t InitialHeapSize                          = 130023424                                 {product} {ergonomic}
     bool ManagementServer                         = true                                      {product} {command line}
   size_t MarkStackSize                            = 4194304                                   {product} {ergonomic}
   size_t MaxHeapSize                              = 2048917504                                {product} {ergonomic}
   size_t MinHeapDeltaBytes                        = 1048576                                   {product} {ergonomic}
   size_t MinHeapSize                              = 8388608                                   {product} {ergonomic}
    uintx NonProfiledCodeHeapSize                  = 0                                      {pd product} {ergonomic}
     bool ProfileInterpreter                       = false                                  {pd product} {command line}
    uintx ProfiledCodeHeapSize                     = 0                                      {pd product} {ergonomic}
   size_t SoftMaxHeapSize                          = 2048917504                             {manageable} {ergonomic}
     intx TieredStopAtLevel                        = 1                                         {product} {command line}
     bool UseCompressedClassPointers               = true                           {product lp64_product} {ergonomic}
     bool UseCompressedOops                        = true                           {product lp64_product} {ergonomic}
     bool UseG1GC                                  = true                                      {product} {ergonomic}
     bool UseLargePagesIndividualAllocation        = false                                  {pd product} {ergonomic}

Logging:
Log output configuration:
 #0: stdout all=warning uptime,level,tags
 #1: stderr all=off uptime,level,tags

Environment Variables:
JAVA_HOME=C:\Program Files\Java\jdk-17
PATH=C:\Program Files\Common Files\Oracle\Java\javapath;C:\Dev\oracle\WINDOWS.X64_193000_db_home\bin;C:\Program Files (x86)\Common Files\Oracle\Java\javapath;C:\oraclexe\app\oracle\product\11.2.0\server\bin;C:\WINDOWS\system32;C:\WINDOWS;C:\WINDOWS\System32\Wbem;C:\WINDOWS\System32\WindowsPowerShell\v1.0\;C:\WINDOWS\System32\OpenSSH\;C:\Program Files\Git\cmd;C:\Program Files\Java\jdk-17bin;C:\Program Files (x86)\nodejs\;C:\Users\sol\AppData\Local\Microsoft\WindowsApps;C:\Users\sol\AppData\Local\GitHubDesktop\bin;C:\Users\sol\AppData\Local\Programs\Microsoft VS Code\bin;C:\Program Files (x86)\Brackets\;C:\Users\sol\AppData\Roaming\npm
USERNAME=sol
OS=Windows_NT
PROCESSOR_IDENTIFIER=Intel64 Family 6 Model 154 Stepping 3, GenuineIntel
TMP=C:\Users\sol\AppData\Local\Temp
TEMP=C:\Users\sol\AppData\Local\Temp



---------------  S Y S T E M  ---------------

OS:
 Windows 10 , 64 bit Build 19041 (10.0.19041.3636)
OS uptime: 0 days 5:38 hours

CPU: total 20 (initial active 20) (10 cores per cpu, 2 threads per core) family 6 model 154 stepping 3 microcode 0x429, cx8, cmov, fxsr, ht, mmx, 3dnowpref, sse, sse2, sse3, ssse3, sse4.1, sse4.2, popcnt, lzcnt, tsc, tscinvbit, avx, avx2, aes, erms, clmul, bmi1, bmi2, adx, sha, fma, vzeroupper, clflush, clflushopt, clwb
Processor Information for all 20 processors :
  Max Mhz: 2300, Current Mhz: 2300, Mhz Limit: 2300

Memory: 4k page, system-wide physical 7810M (773M free)
TotalPageFile size 16002M (AvailPageFile size 124M)
current process WorkingSet (physical memory assigned to process): 11M, peak: 11M
current process commit charge ("private bytes"): 70M, peak: 194M

vm_info: OpenJDK 64-Bit Server VM (17.0.8.1+8-LTS) for windows-amd64 JRE (17.0.8.1+8-LTS), built on Aug 19 2023 03:47:39 by "Administrator" with MS VC++ 15.9 (VS2017)

END.
