#
# There is insufficient memory for the Java Runtime Environment to continue.
# Native memory allocation (mmap) failed to map 65536 bytes for Failed to commit metaspace.
# Possible reasons:
#   The system is out of physical RAM or swap space
#   The process is running with CompressedOops enabled, and the Java Heap may be blocking the growth of the native heap
# Possible solutions:
#   Reduce memory load on the system
#   Increase physical memory or swap space
#   Check if swap backing store is full
#   Decrease Java heap size (-Xmx/-Xms)
#   Decrease number of Java threads
#   Decrease Java thread stack sizes (-Xss)
#   Set larger code cache with -XX:ReservedCodeCacheSize=
#   JVM is running with Unscaled Compressed Oops mode in which the Java heap is
#     placed in the first 4GB address space. The Java Heap base address is the
#     maximum limit for the native heap growth. Please use -XX:HeapBaseMinAddress
#     to set the Java Heap base and to place the Java Heap above 4GB virtual address.
# This output file may be truncated or incomplete.
#
#  Out of Memory Error (virtualSpaceNode.cpp:110), pid=15680, tid=22600
#
# JRE version: OpenJDK Runtime Environment Corretto-17.0.8.8.1 (17.0.8.1+8) (build 17.0.8.1+8-LTS)
# Java VM: OpenJDK 64-Bit Server VM Corretto-17.0.8.8.1 (17.0.8.1+8-LTS, mixed mode, emulated-client, sharing, tiered, compressed oops, compressed class ptrs, g1 gc, windows-amd64)
# No core dump will be written. Minidumps are not enabled by default on client versions of Windows
#

---------------  S U M M A R Y ------------

Command Line: -XX:TieredStopAtLevel=1 -Dspring.output.ansi.enabled=always -Dcom.sun.management.jmxremote -Dspring.jmx.enabled=true -Dspring.liveBeansView.mbeanDomain -Dspring.application.admin.enabled=true -Dmanagement.endpoints.jmx.exposure.include=* -javaagent:C:\Program Files\JetBrains\IntelliJ IDEA 2023.1\lib\idea_rt.jar=54882:C:\Program Files\JetBrains\IntelliJ IDEA 2023.1\bin -Dfile.encoding=UTF-8 proj.petbuddy.PetbuddyApplication

Host: 12th Gen Intel(R) Core(TM) i7-12700H, 20 cores, 7G,  Windows 10 , 64 bit Build 19041 (10.0.19041.3636)
Time: Fri Apr  5 20:25:36 2024  Windows 10 , 64 bit Build 19041 (10.0.19041.3636) elapsed time: 0.553237 seconds (0d 0h 0m 0s)

---------------  T H R E A D  ---------------

Current thread (0x000002678640b000):  JavaThread "restartedMain" [_thread_in_vm, id=22600, stack(0x00000098a3400000,0x00000098a3500000)]

Stack: [0x00000098a3400000,0x00000098a3500000]
Native frames: (J=compiled Java code, j=interpreted, Vv=VM code, C=native code)
V  [jvm.dll+0x64c9da]
V  [jvm.dll+0x800834]
V  [jvm.dll+0x801fee]
V  [jvm.dll+0x802643]
V  [jvm.dll+0x23715b]
V  [jvm.dll+0x7fc8fb]
V  [jvm.dll+0x5f3916]
V  [jvm.dll+0x1b61be]
V  [jvm.dll+0x5f6164]
V  [jvm.dll+0x5f42cd]
V  [jvm.dll+0x234b5c]
V  [jvm.dll+0x6a1d48]
V  [jvm.dll+0x6a276f]
V  [jvm.dll+0x35dc53]
V  [jvm.dll+0x3f33cd]
V  [jvm.dll+0x3fe260]
C  0x00000267fae0d0a8

Java frames: (J=compiled Java code, j=interpreted, Vv=VM code)
j  java.lang.Class.getDeclaredConstructors0(Z)[Ljava/lang/reflect/Constructor;+0 java.base@17.0.8.1
J 1343 c1 java.lang.Class.privateGetDeclaredConstructors(Z)[Ljava/lang/reflect/Constructor; java.base@17.0.8.1 (79 bytes) @ 0x00000267fb332d9c [0x00000267fb332c60+0x000000000000013c]
j  java.lang.Class.getConstructors()[Ljava/lang/reflect/Constructor;+20 java.base@17.0.8.1
j  org.springframework.core.io.support.SpringFactoriesLoader$FactoryInstantiator.findConstructor(Ljava/lang/Class;)Ljava/lang/reflect/Constructor;+14
j  org.springframework.core.io.support.SpringFactoriesLoader$FactoryInstantiator.forClass(Ljava/lang/Class;)Lorg/springframework/core/io/support/SpringFactoriesLoader$FactoryInstantiator;+1
j  org.springframework.core.io.support.SpringFactoriesLoader.instantiateFactory(Ljava/lang/String;Ljava/lang/Class;Lorg/springframework/core/io/support/SpringFactoriesLoader$ArgumentResolver;Lorg/springframework/core/io/support/SpringFactoriesLoader$FailureHandler;)Ljava/lang/Object;+28
j  org.springframework.core.io.support.SpringFactoriesLoader.load(Ljava/lang/Class;Lorg/springframework/core/io/support/SpringFactoriesLoader$ArgumentResolver;Lorg/springframework/core/io/support/SpringFactoriesLoader$FailureHandler;)Ljava/util/List;+99
j  org.springframework.core.io.support.SpringFactoriesLoader.load(Ljava/lang/Class;Lorg/springframework/core/io/support/SpringFactoriesLoader$ArgumentResolver;)Ljava/util/List;+4
j  org.springframework.boot.env.SpringFactoriesEnvironmentPostProcessorsFactory.getEnvironmentPostProcessors(Lorg/springframework/boot/logging/DeferredLogFactory;Lorg/springframework/boot/ConfigurableBootstrapContext;)Ljava/util/List;+44
j  org.springframework.boot.env.EnvironmentPostProcessorApplicationListener.getEnvironmentPostProcessors(Lorg/springframework/core/io/ResourceLoader;Lorg/springframework/boot/ConfigurableBootstrapContext;)Ljava/util/List;+37
j  org.springframework.boot.env.EnvironmentPostProcessorApplicationListener.onApplicationEnvironmentPreparedEvent(Lorg/springframework/boot/context/event/ApplicationEnvironmentPreparedEvent;)V+19
j  org.springframework.boot.env.EnvironmentPostProcessorApplicationListener.onApplicationEvent(Lorg/springframework/context/ApplicationEvent;)V+14
j  org.springframework.context.event.SimpleApplicationEventMulticaster.doInvokeListener(Lorg/springframework/context/ApplicationListener;Lorg/springframework/context/ApplicationEvent;)V+2
j  org.springframework.context.event.SimpleApplicationEventMulticaster.invokeListener(Lorg/springframework/context/ApplicationListener;Lorg/springframework/context/ApplicationEvent;)V+34
j  org.springframework.context.event.SimpleApplicationEventMulticaster.multicastEvent(Lorg/springframework/context/ApplicationEvent;Lorg/springframework/core/ResolvableType;)V+82
j  org.springframework.context.event.SimpleApplicationEventMulticaster.multicastEvent(Lorg/springframework/context/ApplicationEvent;)V+3
j  org.springframework.boot.context.event.EventPublishingRunListener.multicastInitialEvent(Lorg/springframework/context/ApplicationEvent;)V+9
j  org.springframework.boot.context.event.EventPublishingRunListener.environmentPrepared(Lorg/springframework/boot/ConfigurableBootstrapContext;Lorg/springframework/core/env/ConfigurableEnvironment;)V+18
j  org.springframework.boot.SpringApplicationRunListeners.lambda$environmentPrepared$2(Lorg/springframework/boot/ConfigurableBootstrapContext;Lorg/springframework/core/env/ConfigurableEnvironment;Lorg/springframework/boot/SpringApplicationRunListener;)V+3
j  org.springframework.boot.SpringApplicationRunListeners$$Lambda$168+0x000002678812b910.accept(Ljava/lang/Object;)V+12
j  java.lang.Iterable.forEach(Ljava/util/function/Consumer;)V+30 java.base@17.0.8.1
j  org.springframework.boot.SpringApplicationRunListeners.doWithListeners(Ljava/lang/String;Ljava/util/function/Consumer;Ljava/util/function/Consumer;)V+17
j  org.springframework.boot.SpringApplicationRunListeners.doWithListeners(Ljava/lang/String;Ljava/util/function/Consumer;)V+4
j  org.springframework.boot.SpringApplicationRunListeners.environmentPrepared(Lorg/springframework/boot/ConfigurableBootstrapContext;Lorg/springframework/core/env/ConfigurableEnvironment;)V+10
j  org.springframework.boot.SpringApplication.prepareEnvironment(Lorg/springframework/boot/SpringApplicationRunListeners;Lorg/springframework/boot/DefaultBootstrapContext;Lorg/springframework/boot/ApplicationArguments;)Lorg/springframework/core/env/ConfigurableEnvironment;+27
j  org.springframework.boot.SpringApplication.run([Ljava/lang/String;)Lorg/springframework/context/ConfigurableApplicationContext;+65
j  org.springframework.boot.SpringApplication.run([Ljava/lang/Class;[Ljava/lang/String;)Lorg/springframework/context/ConfigurableApplicationContext;+9
j  org.springframework.boot.SpringApplication.run(Ljava/lang/Class;[Ljava/lang/String;)Lorg/springframework/context/ConfigurableApplicationContext;+9
j  proj.petbuddy.PetbuddyApplication.main([Ljava/lang/String;)V+3
v  ~StubRoutines::call_stub
j  jdk.internal.reflect.NativeMethodAccessorImpl.invoke0(Ljava/lang/reflect/Method;Ljava/lang/Object;[Ljava/lang/Object;)Ljava/lang/Object;+0 java.base@17.0.8.1
j  jdk.internal.reflect.NativeMethodAccessorImpl.invoke(Ljava/lang/Object;[Ljava/lang/Object;)Ljava/lang/Object;+133 java.base@17.0.8.1
j  jdk.internal.reflect.DelegatingMethodAccessorImpl.invoke(Ljava/lang/Object;[Ljava/lang/Object;)Ljava/lang/Object;+6 java.base@17.0.8.1
j  java.lang.reflect.Method.invoke(Ljava/lang/Object;[Ljava/lang/Object;)Ljava/lang/Object;+59 java.base@17.0.8.1
j  org.springframework.boot.devtools.restart.RestartLauncher.run()V+47
v  ~StubRoutines::call_stub

---------------  P R O C E S S  ---------------

Threads class SMR info:
_java_thread_list=0x0000026786cdb420, length=19, elements={
0x00000267f3314720, 0x0000026786133c90, 0x0000026786136920, 0x00000267862f3180,
0x00000267862f3e00, 0x00000267862f7ff0, 0x00000267862f89b0, 0x00000267862f9420,
0x0000026786301e30, 0x000002678635ae60, 0x000002678640ce60, 0x000002678611d590,
0x000002678611dab0, 0x0000026786412130, 0x000002678640a5e0, 0x00000267864096b0,
0x000002678640c950, 0x0000026786409bc0, 0x000002678640b000
}

Java Threads: ( => current thread )
  0x00000267f3314720 JavaThread "main" [_thread_blocked, id=17796, stack(0x00000098a1500000,0x00000098a1600000)]
  0x0000026786133c90 JavaThread "Reference Handler" daemon [_thread_blocked, id=27296, stack(0x00000098a1c00000,0x00000098a1d00000)]
  0x0000026786136920 JavaThread "Finalizer" daemon [_thread_blocked, id=24956, stack(0x00000098a1d00000,0x00000098a1e00000)]
  0x00000267862f3180 JavaThread "Signal Dispatcher" daemon [_thread_blocked, id=24364, stack(0x00000098a1e00000,0x00000098a1f00000)]
  0x00000267862f3e00 JavaThread "Attach Listener" daemon [_thread_blocked, id=25520, stack(0x00000098a1f00000,0x00000098a2000000)]
  0x00000267862f7ff0 JavaThread "Service Thread" daemon [_thread_blocked, id=27876, stack(0x00000098a2000000,0x00000098a2100000)]
  0x00000267862f89b0 JavaThread "Monitor Deflation Thread" daemon [_thread_blocked, id=26788, stack(0x00000098a2100000,0x00000098a2200000)]
  0x00000267862f9420 JavaThread "C1 CompilerThread0" daemon [_thread_blocked, id=27372, stack(0x00000098a2200000,0x00000098a2300000)]
  0x0000026786301e30 JavaThread "Sweeper thread" daemon [_thread_blocked, id=26472, stack(0x00000098a2300000,0x00000098a2400000)]
  0x000002678635ae60 JavaThread "C1 CompilerThread1" daemon [_thread_blocked, id=23324, stack(0x00000098a2400000,0x00000098a2500000)]
  0x000002678640ce60 JavaThread "Common-Cleaner" daemon [_thread_blocked, id=14684, stack(0x00000098a2500000,0x00000098a2600000)]
  0x000002678611d590 JavaThread "C1 CompilerThread2" daemon [_thread_blocked, id=28892, stack(0x00000098a2600000,0x00000098a2700000)]
  0x000002678611dab0 JavaThread "C1 CompilerThread3" daemon [_thread_blocked, id=27292, stack(0x00000098a2700000,0x00000098a2800000)]
  0x0000026786412130 JavaThread "C1 CompilerThread4" daemon [_thread_blocked, id=26352, stack(0x00000098a2800000,0x00000098a2900000)]
  0x000002678640a5e0 JavaThread "Monitor Ctrl-Break" daemon [_thread_in_native, id=29240, stack(0x00000098a2900000,0x00000098a2a00000)]
  0x00000267864096b0 JavaThread "Notification Thread" daemon [_thread_blocked, id=25104, stack(0x00000098a2a00000,0x00000098a2b00000)]
  0x000002678640c950 JavaThread "RMI TCP Accept-0" daemon [_thread_in_native, id=28516, stack(0x00000098a2b00000,0x00000098a2c00000)]
  0x0000026786409bc0 JavaThread "Thread-0" [_thread_blocked, id=29384, stack(0x00000098a3300000,0x00000098a3400000)]
=>0x000002678640b000 JavaThread "restartedMain" [_thread_in_vm, id=22600, stack(0x00000098a3400000,0x00000098a3500000)]

Other Threads:
  0x000002678612e7c0 VMThread "VM Thread" [stack: 0x00000098a1b00000,0x00000098a1c00000] [id=16460]
  0x00000267f33bb130 WatcherThread [stack: 0x00000098a2c00000,0x00000098a2d00000] [id=22172]
  0x00000267f336e310 GCTaskThread "GC Thread#0" [stack: 0x00000098a1600000,0x00000098a1700000] [id=16868]
  0x0000026786d39c10 GCTaskThread "GC Thread#1" [stack: 0x00000098a2d00000,0x00000098a2e00000] [id=29636]
  0x0000026786d48df0 GCTaskThread "GC Thread#2" [stack: 0x00000098a2e00000,0x00000098a2f00000] [id=25452]
  0x0000026786d490b0 GCTaskThread "GC Thread#3" [stack: 0x00000098a2f00000,0x00000098a3000000] [id=17620]
  0x0000026786d49370 GCTaskThread "GC Thread#4" [stack: 0x00000098a3000000,0x00000098a3100000] [id=15424]
  0x0000026786d49630 GCTaskThread "GC Thread#5" [stack: 0x00000098a3100000,0x00000098a3200000] [id=27604]
  0x0000026786d498f0 GCTaskThread "GC Thread#6" [stack: 0x00000098a3200000,0x00000098a3300000] [id=24416]
  0x00000267f337efe0 ConcurrentGCThread "G1 Main Marker" [stack: 0x00000098a1700000,0x00000098a1800000] [id=20264]
  0x00000267f337f9f0 ConcurrentGCThread "G1 Conc#0" [stack: 0x00000098a1800000,0x00000098a1900000] [id=27416]
  0x0000026785fd9f50 ConcurrentGCThread "G1 Refine#0" [stack: 0x00000098a1900000,0x00000098a1a00000] [id=20116]
  0x0000026785fdd9a0 ConcurrentGCThread "G1 Service" [stack: 0x00000098a1a00000,0x00000098a1b00000] [id=23788]

Threads with active compile tasks:

VM state: not at safepoint (normal execution)

VM Mutex/Monitor currently owned by a thread:  ([mutex/lock_event])
[0x00000267f330db00] Metaspace_lock - owner thread: 0x000002678640b000

Heap address: 0x0000000085e00000, size: 1954 MB, Compressed Oops mode: 32-bit

CDS archive(s) mapped at: [0x0000026787000000-0x0000026787bd0000-0x0000026787bd0000), size 12386304, SharedBaseAddress: 0x0000026787000000, ArchiveRelocationMode: 1.
Compressed class space mapped at: 0x0000026788000000-0x00000267c8000000, reserved size: 1073741824
Narrow klass base: 0x0000026787000000, Narrow klass shift: 0, Narrow klass range: 0x100000000

GC Precious Log:
 CPUs: 20 total, 20 available
 Memory: 7810M
 Large Page Support: Disabled
 NUMA Support: Disabled
 Compressed Oops: Enabled (32-bit)
 Heap Region Size: 1M
 Heap Min Capacity: 8M
 Heap Initial Capacity: 124M
 Heap Max Capacity: 1954M
 Pre-touch: Disabled
 Parallel Workers: 15
 Concurrent Workers: 4
 Concurrent Refinement Workers: 15
 Periodic GC: Disabled

Heap:
 garbage-first heap   total 126976K, used 17588K [0x0000000085e00000, 0x0000000100000000)
  region size 1024K, 13 young (13312K), 3 survivors (3072K)
 Metaspace       used 8406K, committed 8576K, reserved 1114112K
  class space    used 1086K, committed 1152K, reserved 1048576K

Heap Regions: E=young(eden), S=young(survivor), O=old, HS=humongous(starts), HC=humongous(continues), CS=collection set, F=free, OA=open archive, CA=closed archive, TAMS=top-at-mark-start (previous, next)
|   0|0x0000000085e00000, 0x0000000085f00000, 0x0000000085f00000|100%|HS|  |TAMS 0x0000000085e00000, 0x0000000085e00000| Complete 
|   1|0x0000000085f00000, 0x0000000086000000, 0x0000000086000000|100%| O|  |TAMS 0x0000000085f00000, 0x0000000085f00000| Untracked 
|   2|0x0000000086000000, 0x0000000086100000, 0x0000000086100000|100%| O|  |TAMS 0x0000000086000000, 0x0000000086000000| Untracked 
|   3|0x0000000086100000, 0x0000000086200000, 0x0000000086200000|100%| O|  |TAMS 0x0000000086100000, 0x0000000086100000| Untracked 
|   4|0x0000000086200000, 0x0000000086300000, 0x0000000086300000|100%| O|  |TAMS 0x0000000086200000, 0x0000000086200000| Untracked 
|   5|0x0000000086300000, 0x000000008632d000, 0x0000000086400000| 17%| O|  |TAMS 0x0000000086300000, 0x0000000086300000| Untracked 
|   6|0x0000000086400000, 0x0000000086400000, 0x0000000086500000|  0%| F|  |TAMS 0x0000000086400000, 0x0000000086400000| Untracked 
|   7|0x0000000086500000, 0x0000000086500000, 0x0000000086600000|  0%| F|  |TAMS 0x0000000086500000, 0x0000000086500000| Untracked 
|   8|0x0000000086600000, 0x0000000086600000, 0x0000000086700000|  0%| F|  |TAMS 0x0000000086600000, 0x0000000086600000| Untracked 
|   9|0x0000000086700000, 0x0000000086700000, 0x0000000086800000|  0%| F|  |TAMS 0x0000000086700000, 0x0000000086700000| Untracked 
|  10|0x0000000086800000, 0x0000000086800000, 0x0000000086900000|  0%| F|  |TAMS 0x0000000086800000, 0x0000000086800000| Untracked 
|  11|0x0000000086900000, 0x0000000086900000, 0x0000000086a00000|  0%| F|  |TAMS 0x0000000086900000, 0x0000000086900000| Untracked 
|  12|0x0000000086a00000, 0x0000000086a00000, 0x0000000086b00000|  0%| F|  |TAMS 0x0000000086a00000, 0x0000000086a00000| Untracked 
|  13|0x0000000086b00000, 0x0000000086b00000, 0x0000000086c00000|  0%| F|  |TAMS 0x0000000086b00000, 0x0000000086b00000| Untracked 
|  14|0x0000000086c00000, 0x0000000086c00000, 0x0000000086d00000|  0%| F|  |TAMS 0x0000000086c00000, 0x0000000086c00000| Untracked 
|  15|0x0000000086d00000, 0x0000000086d00000, 0x0000000086e00000|  0%| F|  |TAMS 0x0000000086d00000, 0x0000000086d00000| Untracked 
|  16|0x0000000086e00000, 0x0000000086e00000, 0x0000000086f00000|  0%| F|  |TAMS 0x0000000086e00000, 0x0000000086e00000| Untracked 
|  17|0x0000000086f00000, 0x0000000086f00000, 0x0000000087000000|  0%| F|  |TAMS 0x0000000086f00000, 0x0000000086f00000| Untracked 
|  18|0x0000000087000000, 0x0000000087000000, 0x0000000087100000|  0%| F|  |TAMS 0x0000000087000000, 0x0000000087000000| Untracked 
|  19|0x0000000087100000, 0x0000000087100000, 0x0000000087200000|  0%| F|  |TAMS 0x0000000087100000, 0x0000000087100000| Untracked 
|  20|0x0000000087200000, 0x0000000087200000, 0x0000000087300000|  0%| F|  |TAMS 0x0000000087200000, 0x0000000087200000| Untracked 
|  21|0x0000000087300000, 0x0000000087300000, 0x0000000087400000|  0%| F|  |TAMS 0x0000000087300000, 0x0000000087300000| Untracked 
|  22|0x0000000087400000, 0x0000000087400000, 0x0000000087500000|  0%| F|  |TAMS 0x0000000087400000, 0x0000000087400000| Untracked 
|  23|0x0000000087500000, 0x0000000087500000, 0x0000000087600000|  0%| F|  |TAMS 0x0000000087500000, 0x0000000087500000| Untracked 
|  24|0x0000000087600000, 0x0000000087600000, 0x0000000087700000|  0%| F|  |TAMS 0x0000000087600000, 0x0000000087600000| Untracked 
|  25|0x0000000087700000, 0x0000000087700000, 0x0000000087800000|  0%| F|  |TAMS 0x0000000087700000, 0x0000000087700000| Untracked 
|  26|0x0000000087800000, 0x0000000087800000, 0x0000000087900000|  0%| F|  |TAMS 0x0000000087800000, 0x0000000087800000| Untracked 
|  27|0x0000000087900000, 0x0000000087900000, 0x0000000087a00000|  0%| F|  |TAMS 0x0000000087900000, 0x0000000087900000| Untracked 
|  28|0x0000000087a00000, 0x0000000087a00000, 0x0000000087b00000|  0%| F|  |TAMS 0x0000000087a00000, 0x0000000087a00000| Untracked 
|  29|0x0000000087b00000, 0x0000000087b00000, 0x0000000087c00000|  0%| F|  |TAMS 0x0000000087b00000, 0x0000000087b00000| Untracked 
|  30|0x0000000087c00000, 0x0000000087c00000, 0x0000000087d00000|  0%| F|  |TAMS 0x0000000087c00000, 0x0000000087c00000| Untracked 
|  31|0x0000000087d00000, 0x0000000087d00000, 0x0000000087e00000|  0%| F|  |TAMS 0x0000000087d00000, 0x0000000087d00000| Untracked 
|  32|0x0000000087e00000, 0x0000000087e00000, 0x0000000087f00000|  0%| F|  |TAMS 0x0000000087e00000, 0x0000000087e00000| Untracked 
|  33|0x0000000087f00000, 0x0000000087f00000, 0x0000000088000000|  0%| F|  |TAMS 0x0000000087f00000, 0x0000000087f00000| Untracked 
|  34|0x0000000088000000, 0x0000000088000000, 0x0000000088100000|  0%| F|  |TAMS 0x0000000088000000, 0x0000000088000000| Untracked 
|  35|0x0000000088100000, 0x0000000088100000, 0x0000000088200000|  0%| F|  |TAMS 0x0000000088100000, 0x0000000088100000| Untracked 
|  36|0x0000000088200000, 0x0000000088200000, 0x0000000088300000|  0%| F|  |TAMS 0x0000000088200000, 0x0000000088200000| Untracked 
|  37|0x0000000088300000, 0x0000000088300000, 0x0000000088400000|  0%| F|  |TAMS 0x0000000088300000, 0x0000000088300000| Untracked 
|  38|0x0000000088400000, 0x0000000088400000, 0x0000000088500000|  0%| F|  |TAMS 0x0000000088400000, 0x0000000088400000| Untracked 
|  39|0x0000000088500000, 0x0000000088500000, 0x0000000088600000|  0%| F|  |TAMS 0x0000000088500000, 0x0000000088500000| Untracked 
|  40|0x0000000088600000, 0x0000000088600000, 0x0000000088700000|  0%| F|  |TAMS 0x0000000088600000, 0x0000000088600000| Untracked 
|  41|0x0000000088700000, 0x0000000088700000, 0x0000000088800000|  0%| F|  |TAMS 0x0000000088700000, 0x0000000088700000| Untracked 
|  42|0x0000000088800000, 0x0000000088800000, 0x0000000088900000|  0%| F|  |TAMS 0x0000000088800000, 0x0000000088800000| Untracked 
|  43|0x0000000088900000, 0x0000000088900000, 0x0000000088a00000|  0%| F|  |TAMS 0x0000000088900000, 0x0000000088900000| Untracked 
|  44|0x0000000088a00000, 0x0000000088a00000, 0x0000000088b00000|  0%| F|  |TAMS 0x0000000088a00000, 0x0000000088a00000| Untracked 
|  45|0x0000000088b00000, 0x0000000088b00000, 0x0000000088c00000|  0%| F|  |TAMS 0x0000000088b00000, 0x0000000088b00000| Untracked 
|  46|0x0000000088c00000, 0x0000000088c00000, 0x0000000088d00000|  0%| F|  |TAMS 0x0000000088c00000, 0x0000000088c00000| Untracked 
|  47|0x0000000088d00000, 0x0000000088d00000, 0x0000000088e00000|  0%| F|  |TAMS 0x0000000088d00000, 0x0000000088d00000| Untracked 
|  48|0x0000000088e00000, 0x0000000088e00000, 0x0000000088f00000|  0%| F|  |TAMS 0x0000000088e00000, 0x0000000088e00000| Untracked 
|  49|0x0000000088f00000, 0x0000000088f00000, 0x0000000089000000|  0%| F|  |TAMS 0x0000000088f00000, 0x0000000088f00000| Untracked 
|  50|0x0000000089000000, 0x0000000089000000, 0x0000000089100000|  0%| F|  |TAMS 0x0000000089000000, 0x0000000089000000| Untracked 
|  51|0x0000000089100000, 0x0000000089100000, 0x0000000089200000|  0%| F|  |TAMS 0x0000000089100000, 0x0000000089100000| Untracked 
|  52|0x0000000089200000, 0x0000000089200000, 0x0000000089300000|  0%| F|  |TAMS 0x0000000089200000, 0x0000000089200000| Untracked 
|  53|0x0000000089300000, 0x0000000089300000, 0x0000000089400000|  0%| F|  |TAMS 0x0000000089300000, 0x0000000089300000| Untracked 
|  54|0x0000000089400000, 0x0000000089400000, 0x0000000089500000|  0%| F|  |TAMS 0x0000000089400000, 0x0000000089400000| Untracked 
|  55|0x0000000089500000, 0x0000000089500000, 0x0000000089600000|  0%| F|  |TAMS 0x0000000089500000, 0x0000000089500000| Untracked 
|  56|0x0000000089600000, 0x0000000089600000, 0x0000000089700000|  0%| F|  |TAMS 0x0000000089600000, 0x0000000089600000| Untracked 
|  57|0x0000000089700000, 0x0000000089700000, 0x0000000089800000|  0%| F|  |TAMS 0x0000000089700000, 0x0000000089700000| Untracked 
|  58|0x0000000089800000, 0x0000000089800000, 0x0000000089900000|  0%| F|  |TAMS 0x0000000089800000, 0x0000000089800000| Untracked 
|  59|0x0000000089900000, 0x0000000089900000, 0x0000000089a00000|  0%| F|  |TAMS 0x0000000089900000, 0x0000000089900000| Untracked 
|  60|0x0000000089a00000, 0x0000000089a00000, 0x0000000089b00000|  0%| F|  |TAMS 0x0000000089a00000, 0x0000000089a00000| Untracked 
|  61|0x0000000089b00000, 0x0000000089b00000, 0x0000000089c00000|  0%| F|  |TAMS 0x0000000089b00000, 0x0000000089b00000| Untracked 
|  62|0x0000000089c00000, 0x0000000089c00000, 0x0000000089d00000|  0%| F|  |TAMS 0x0000000089c00000, 0x0000000089c00000| Untracked 
|  63|0x0000000089d00000, 0x0000000089d00000, 0x0000000089e00000|  0%| F|  |TAMS 0x0000000089d00000, 0x0000000089d00000| Untracked 
|  64|0x0000000089e00000, 0x0000000089e00000, 0x0000000089f00000|  0%| F|  |TAMS 0x0000000089e00000, 0x0000000089e00000| Untracked 
|  65|0x0000000089f00000, 0x0000000089f00000, 0x000000008a000000|  0%| F|  |TAMS 0x0000000089f00000, 0x0000000089f00000| Untracked 
|  66|0x000000008a000000, 0x000000008a000000, 0x000000008a100000|  0%| F|  |TAMS 0x000000008a000000, 0x000000008a000000| Untracked 
|  67|0x000000008a100000, 0x000000008a100000, 0x000000008a200000|  0%| F|  |TAMS 0x000000008a100000, 0x000000008a100000| Untracked 
|  68|0x000000008a200000, 0x000000008a200000, 0x000000008a300000|  0%| F|  |TAMS 0x000000008a200000, 0x000000008a200000| Untracked 
|  69|0x000000008a300000, 0x000000008a300000, 0x000000008a400000|  0%| F|  |TAMS 0x000000008a300000, 0x000000008a300000| Untracked 
|  70|0x000000008a400000, 0x000000008a400000, 0x000000008a500000|  0%| F|  |TAMS 0x000000008a400000, 0x000000008a400000| Untracked 
|  71|0x000000008a500000, 0x000000008a500000, 0x000000008a600000|  0%| F|  |TAMS 0x000000008a500000, 0x000000008a500000| Untracked 
|  72|0x000000008a600000, 0x000000008a600000, 0x000000008a700000|  0%| F|  |TAMS 0x000000008a600000, 0x000000008a600000| Untracked 
|  73|0x000000008a700000, 0x000000008a700000, 0x000000008a800000|  0%| F|  |TAMS 0x000000008a700000, 0x000000008a700000| Untracked 
|  74|0x000000008a800000, 0x000000008a800000, 0x000000008a900000|  0%| F|  |TAMS 0x000000008a800000, 0x000000008a800000| Untracked 
|  75|0x000000008a900000, 0x000000008a900000, 0x000000008aa00000|  0%| F|  |TAMS 0x000000008a900000, 0x000000008a900000| Untracked 
|  76|0x000000008aa00000, 0x000000008aa00000, 0x000000008ab00000|  0%| F|  |TAMS 0x000000008aa00000, 0x000000008aa00000| Untracked 
|  77|0x000000008ab00000, 0x000000008ab00000, 0x000000008ac00000|  0%| F|  |TAMS 0x000000008ab00000, 0x000000008ab00000| Untracked 
|  78|0x000000008ac00000, 0x000000008ac00000, 0x000000008ad00000|  0%| F|  |TAMS 0x000000008ac00000, 0x000000008ac00000| Untracked 
|  79|0x000000008ad00000, 0x000000008ad00000, 0x000000008ae00000|  0%| F|  |TAMS 0x000000008ad00000, 0x000000008ad00000| Untracked 
|  80|0x000000008ae00000, 0x000000008ae00000, 0x000000008af00000|  0%| F|  |TAMS 0x000000008ae00000, 0x000000008ae00000| Untracked 
|  81|0x000000008af00000, 0x000000008af00000, 0x000000008b000000|  0%| F|  |TAMS 0x000000008af00000, 0x000000008af00000| Untracked 
|  82|0x000000008b000000, 0x000000008b000000, 0x000000008b100000|  0%| F|  |TAMS 0x000000008b000000, 0x000000008b000000| Untracked 
|  83|0x000000008b100000, 0x000000008b100000, 0x000000008b200000|  0%| F|  |TAMS 0x000000008b100000, 0x000000008b100000| Untracked 
|  84|0x000000008b200000, 0x000000008b200000, 0x000000008b300000|  0%| F|  |TAMS 0x000000008b200000, 0x000000008b200000| Untracked 
|  85|0x000000008b300000, 0x000000008b300000, 0x000000008b400000|  0%| F|  |TAMS 0x000000008b300000, 0x000000008b300000| Untracked 
|  86|0x000000008b400000, 0x000000008b400000, 0x000000008b500000|  0%| F|  |TAMS 0x000000008b400000, 0x000000008b400000| Untracked 
|  87|0x000000008b500000, 0x000000008b500000, 0x000000008b600000|  0%| F|  |TAMS 0x000000008b500000, 0x000000008b500000| Untracked 
|  88|0x000000008b600000, 0x000000008b600000, 0x000000008b700000|  0%| F|  |TAMS 0x000000008b600000, 0x000000008b600000| Untracked 
|  89|0x000000008b700000, 0x000000008b700000, 0x000000008b800000|  0%| F|  |TAMS 0x000000008b700000, 0x000000008b700000| Untracked 
|  90|0x000000008b800000, 0x000000008b800000, 0x000000008b900000|  0%| F|  |TAMS 0x000000008b800000, 0x000000008b800000| Untracked 
|  91|0x000000008b900000, 0x000000008b900000, 0x000000008ba00000|  0%| F|  |TAMS 0x000000008b900000, 0x000000008b900000| Untracked 
|  92|0x000000008ba00000, 0x000000008ba00000, 0x000000008bb00000|  0%| F|  |TAMS 0x000000008ba00000, 0x000000008ba00000| Untracked 
|  93|0x000000008bb00000, 0x000000008bb00000, 0x000000008bc00000|  0%| F|  |TAMS 0x000000008bb00000, 0x000000008bb00000| Untracked 
|  94|0x000000008bc00000, 0x000000008bc00000, 0x000000008bd00000|  0%| F|  |TAMS 0x000000008bc00000, 0x000000008bc00000| Untracked 
|  95|0x000000008bd00000, 0x000000008bd00000, 0x000000008be00000|  0%| F|  |TAMS 0x000000008bd00000, 0x000000008bd00000| Untracked 
|  96|0x000000008be00000, 0x000000008be00000, 0x000000008bf00000|  0%| F|  |TAMS 0x000000008be00000, 0x000000008be00000| Untracked 
|  97|0x000000008bf00000, 0x000000008bf00000, 0x000000008c000000|  0%| F|  |TAMS 0x000000008bf00000, 0x000000008bf00000| Untracked 
|  98|0x000000008c000000, 0x000000008c100000, 0x000000008c100000|100%| S|CS|TAMS 0x000000008c000000, 0x000000008c000000| Complete 
|  99|0x000000008c100000, 0x000000008c200000, 0x000000008c200000|100%| S|CS|TAMS 0x000000008c100000, 0x000000008c100000| Complete 
| 100|0x000000008c200000, 0x000000008c300000, 0x000000008c300000|100%| S|CS|TAMS 0x000000008c200000, 0x000000008c200000| Complete 
| 101|0x000000008c300000, 0x000000008c300000, 0x000000008c400000|  0%| F|  |TAMS 0x000000008c300000, 0x000000008c300000| Untracked 
| 102|0x000000008c400000, 0x000000008c400000, 0x000000008c500000|  0%| F|  |TAMS 0x000000008c400000, 0x000000008c400000| Untracked 
| 103|0x000000008c500000, 0x000000008c500000, 0x000000008c600000|  0%| F|  |TAMS 0x000000008c500000, 0x000000008c500000| Untracked 
| 104|0x000000008c600000, 0x000000008c600000, 0x000000008c700000|  0%| F|  |TAMS 0x000000008c600000, 0x000000008c600000| Untracked 
| 105|0x000000008c700000, 0x000000008c700000, 0x000000008c800000|  0%| F|  |TAMS 0x000000008c700000, 0x000000008c700000| Untracked 
| 106|0x000000008c800000, 0x000000008c800000, 0x000000008c900000|  0%| F|  |TAMS 0x000000008c800000, 0x000000008c800000| Untracked 
| 107|0x000000008c900000, 0x000000008c900000, 0x000000008ca00000|  0%| F|  |TAMS 0x000000008c900000, 0x000000008c900000| Untracked 
| 108|0x000000008ca00000, 0x000000008ca00000, 0x000000008cb00000|  0%| F|  |TAMS 0x000000008ca00000, 0x000000008ca00000| Untracked 
| 109|0x000000008cb00000, 0x000000008cb00000, 0x000000008cc00000|  0%| F|  |TAMS 0x000000008cb00000, 0x000000008cb00000| Untracked 
| 110|0x000000008cc00000, 0x000000008cc00000, 0x000000008cd00000|  0%| F|  |TAMS 0x000000008cc00000, 0x000000008cc00000| Untracked 
| 111|0x000000008cd00000, 0x000000008cd00000, 0x000000008ce00000|  0%| F|  |TAMS 0x000000008cd00000, 0x000000008cd00000| Untracked 
| 112|0x000000008ce00000, 0x000000008ce00000, 0x000000008cf00000|  0%| F|  |TAMS 0x000000008ce00000, 0x000000008ce00000| Untracked 
| 113|0x000000008cf00000, 0x000000008cf00000, 0x000000008d000000|  0%| F|  |TAMS 0x000000008cf00000, 0x000000008cf00000| Untracked 
| 114|0x000000008d000000, 0x000000008d0899c8, 0x000000008d100000| 53%| E|  |TAMS 0x000000008d000000, 0x000000008d000000| Complete 
| 115|0x000000008d100000, 0x000000008d200000, 0x000000008d200000|100%| E|CS|TAMS 0x000000008d100000, 0x000000008d100000| Complete 
| 116|0x000000008d200000, 0x000000008d300000, 0x000000008d300000|100%| E|CS|TAMS 0x000000008d200000, 0x000000008d200000| Complete 
| 117|0x000000008d300000, 0x000000008d400000, 0x000000008d400000|100%| E|CS|TAMS 0x000000008d300000, 0x000000008d300000| Complete 
| 118|0x000000008d400000, 0x000000008d500000, 0x000000008d500000|100%| E|CS|TAMS 0x000000008d400000, 0x000000008d400000| Complete 
| 119|0x000000008d500000, 0x000000008d600000, 0x000000008d600000|100%| E|CS|TAMS 0x000000008d500000, 0x000000008d500000| Complete 
| 120|0x000000008d600000, 0x000000008d700000, 0x000000008d700000|100%| E|CS|TAMS 0x000000008d600000, 0x000000008d600000| Complete 
| 121|0x000000008d700000, 0x000000008d800000, 0x000000008d800000|100%| E|CS|TAMS 0x000000008d700000, 0x000000008d700000| Complete 
| 122|0x000000008d800000, 0x000000008d900000, 0x000000008d900000|100%| E|CS|TAMS 0x000000008d800000, 0x000000008d800000| Complete 
| 123|0x000000008d900000, 0x000000008da00000, 0x000000008da00000|100%| E|CS|TAMS 0x000000008d900000, 0x000000008d900000| Complete 

Card table byte_map: [0x00000267fea70000,0x00000267fee50000] _byte_map_base: 0x00000267fe641000

Marking Bits (Prev, Next): (CMBitMap*) 0x00000267f1069f70, (CMBitMap*) 0x00000267f1069fb0
 Prev Bits: [0x0000026780000000, 0x0000026781e88000)
 Next Bits: [0x0000026781e90000, 0x0000026783d18000)

Polling page: 0x00000267f2ac0000

Metaspace:

Usage:
  Non-class:      7.15 MB used.
      Class:      1.06 MB used.
       Both:      8.21 MB used.

Virtual space:
  Non-class space:       64.00 MB reserved,       7.25 MB ( 11%) committed,  1 nodes.
      Class space:        1.00 GB reserved,       1.13 MB ( <1%) committed,  1 nodes.
             Both:        1.06 GB reserved,       8.38 MB ( <1%) committed. 

Chunk freelists:
   Non-Class:  8.36 MB
       Class:  14.81 MB
        Both:  23.17 MB

MaxMetaspaceSize: unlimited
CompressedClassSpaceSize: 1.00 GB
Initial GC threshold: 21.00 MB
Current GC threshold: 21.00 MB
CDS: on
MetaspaceReclaimPolicy: balanced
 - commit_granule_bytes: 65536.
 - commit_granule_words: 8192.
 - virtual_space_node_default_size: 8388608.
 - enlarge_chunks_in_place: 1.
 - new_chunks_are_fully_committed: 0.
 - uncommit_free_chunks: 1.
 - use_allocation_guard: 0.
 - handle_deallocations: 1.


Internal statistics:

num_allocs_failed_limit: 0.
num_arena_births: 136.
num_arena_deaths: 0.
num_vsnodes_births: 2.
num_vsnodes_deaths: 0.
num_space_committed: 134.
num_space_uncommitted: 0.
num_chunks_returned_to_freelist: 0.
num_chunks_taken_from_freelist: 291.
num_chunk_merges: 0.
num_chunk_splits: 194.
num_chunks_enlarged: 135.
num_inconsistent_stats: 0.

CodeCache: size=49152Kb used=5439Kb max_used=5439Kb free=43712Kb
 bounds [0x00000267fae00000, 0x00000267fb350000, 0x00000267fde00000]
 total_blobs=1870 nmethods=1412 adapters=382
 compilation: enabled
              stopped_count=0, restarted_count=0
 full_count=0

Compilation events (20 events):
Event: 0.541 Thread 0x00000267862f9420 1403       1       sun.reflect.generics.reflectiveObjects.ParameterizedTypeImpl::getRawType (5 bytes)
Event: 0.541 Thread 0x00000267862f9420 nmethod 1403 0x00000267fb34c490 code [0x00000267fb34c620, 0x00000267fb34c6f8]
Event: 0.541 Thread 0x0000026786412130 1404       1       java.lang.invoke.DirectMethodHandle$Holder::newInvokeSpecial (21 bytes)
Event: 0.541 Thread 0x0000026786412130 nmethod 1404 0x00000267fb34c790 code [0x00000267fb34c940, 0x00000267fb34cae8]
Event: 0.546 Thread 0x000002678611d590 1405       1       ch.qos.logback.classic.Logger::getName (5 bytes)
Event: 0.546 Thread 0x000002678611d590 nmethod 1405 0x00000267fb34cc90 code [0x00000267fb34ce20, 0x00000267fb34cef8]
Event: 0.547 Thread 0x000002678635ae60 1406       1       java.util.LinkedHashMap$LinkedKeyIterator::next (8 bytes)
Event: 0.547 Thread 0x0000026786412130 1407       1       java.lang.Class::getGenericInfo (52 bytes)
Event: 0.547 Thread 0x000002678611d590 1408       1       org.springframework.core.ResolvableType::resolve (16 bytes)
Event: 0.547 Thread 0x000002678611dab0 1409       1       org.springframework.core.ResolvableType::resolveType (146 bytes)
Event: 0.547 Thread 0x000002678635ae60 nmethod 1406 0x00000267fb34cf90 code [0x00000267fb34d120, 0x00000267fb34d208]
Event: 0.547 Thread 0x000002678611d590 nmethod 1408 0x00000267fb34d290 code [0x00000267fb34d420, 0x00000267fb34d4f8]
Event: 0.547 Thread 0x0000026786412130 nmethod 1407 0x00000267fb34d590 code [0x00000267fb34d760, 0x00000267fb34dcc8]
Event: 0.547 Thread 0x000002678611dab0 nmethod 1409 0x00000267fb34df10 code [0x00000267fb34e1e0, 0x00000267fb34edc8]
Event: 0.548 Thread 0x000002678635ae60 1410       1       java.util.jar.Manifest$FastInputStream::fill (38 bytes)
Event: 0.549 Thread 0x000002678635ae60 nmethod 1410 0x00000267fb34f210 code [0x00000267fb34f3a0, 0x00000267fb34f4c8]
Event: 0.551 Thread 0x000002678611d590 1411       1       java.lang.reflect.Constructor::<init> (50 bytes)
Event: 0.551 Thread 0x000002678611d590 nmethod 1411 0x00000267fb34f590 code [0x00000267fb34f740, 0x00000267fb34fa58]
Event: 0.551 Thread 0x0000026786412130 1412       1       java.lang.invoke.DirectMethodHandle::preparedLambdaForm (6 bytes)
Event: 0.551 Thread 0x0000026786412130 nmethod 1412 0x00000267fb34fb10 code [0x00000267fb34fca0, 0x00000267fb34fd68]

GC Heap History (2 events):
Event: 0.448 GC heap before
{Heap before GC invocations=0 (full 0):
 garbage-first heap   total 126976K, used 23552K [0x0000000085e00000, 0x0000000100000000)
  region size 1024K, 23 young (23552K), 0 survivors (0K)
 Metaspace       used 6954K, committed 7232K, reserved 1114112K
  class space    used 883K, committed 1024K, reserved 1048576K
}
Event: 0.452 GC heap after
{Heap after GC invocations=1 (full 0):
 garbage-first heap   total 126976K, used 8372K [0x0000000085e00000, 0x0000000100000000)
  region size 1024K, 3 young (3072K), 3 survivors (3072K)
 Metaspace       used 6954K, committed 7232K, reserved 1114112K
  class space    used 883K, committed 1024K, reserved 1048576K
}

Dll operation events (11 events):
Event: 0.008 Loaded shared library C:\Users\sol\.jdks\corretto-17.0.8.1\bin\java.dll
Event: 0.021 Loaded shared library C:\Users\sol\.jdks\corretto-17.0.8.1\bin\jsvml.dll
Event: 0.104 Loaded shared library C:\Users\sol\.jdks\corretto-17.0.8.1\bin\zip.dll
Event: 0.107 Loaded shared library C:\Users\sol\.jdks\corretto-17.0.8.1\bin\instrument.dll
Event: 0.110 Loaded shared library C:\Users\sol\.jdks\corretto-17.0.8.1\bin\net.dll
Event: 0.112 Loaded shared library C:\Users\sol\.jdks\corretto-17.0.8.1\bin\nio.dll
Event: 0.114 Loaded shared library C:\Users\sol\.jdks\corretto-17.0.8.1\bin\zip.dll
Event: 0.166 Loaded shared library C:\Program Files\JetBrains\IntelliJ IDEA 2023.1\bin\breakgen64.dll
Event: 0.169 Loaded shared library C:\Users\sol\.jdks\corretto-17.0.8.1\bin\jimage.dll
Event: 0.179 Loaded shared library C:\Users\sol\.jdks\corretto-17.0.8.1\bin\management.dll
Event: 0.184 Loaded shared library C:\Users\sol\.jdks\corretto-17.0.8.1\bin\management_ext.dll

Deoptimization events (0 events):
No events

Classes unloaded (0 events):
No events

Classes redefined (0 events):
No events

Internal exceptions (20 events):
Event: 0.226 Thread 0x00000267f3314720 Exception <a 'java/lang/NoSuchMethodError'{0x000000008ce92270}: 'int java.lang.invoke.DirectMethodHandle$Holder.invokeSpecialIFC(java.lang.Object, java.lang.Object, java.lang.Object)'> (0x000000008ce92270) 
thrown [s\src\hotspot\share\interpreter\linkResolver.cpp, line 759]
Event: 0.236 Thread 0x00000267f3314720 Exception <a 'java/lang/NoSuchMethodError'{0x000000008cd09368}: 'java.lang.Object java.lang.invoke.DirectMethodHandle$Holder.invokeStaticInit(java.lang.Object, int, int, int, int)'> (0x000000008cd09368) 
thrown [s\src\hotspot\share\interpreter\linkResolver.cpp, line 759]
Event: 0.286 Thread 0x00000267f3314720 Exception <a 'java/lang/NoSuchMethodError'{0x000000008cd80420}: 'java.lang.Object java.lang.invoke.DirectMethodHandle$Holder.invokeStaticInit(java.lang.Object, java.lang.Object, int, int, int, int)'> (0x000000008cd80420) 
thrown [s\src\hotspot\share\interpreter\linkResolver.cpp, line 759]
Event: 0.295 Thread 0x00000267f3314720 Exception <a 'java/lang/ClassNotFoundException'{0x000000008cd9e7e8}: javax/management/remote/rmi/RMIServerImpl_Skel> (0x000000008cd9e7e8) 
thrown [s\src\hotspot\share\classfile\systemDictionary.cpp, line 256]
Event: 0.337 Thread 0x00000267f3314720 Exception <a 'java/lang/NoSuchMethodError'{0x000000008ca19820}: 'java.lang.Object java.lang.invoke.DirectMethodHandle$Holder.invokeSpecial(java.lang.Object, java.lang.Object, java.lang.Object, long, java.lang.Object)'> (0x000000008ca19820) 
thrown [s\src\hotspot\share\interpreter\linkResolver.cpp, line 759]
Event: 0.337 Thread 0x00000267f3314720 Exception <a 'java/lang/NoSuchMethodError'{0x000000008ca1d3f0}: 'java.lang.Object java.lang.invoke.Invokers$Holder.linkToTargetMethod(java.lang.Object, long, java.lang.Object, java.lang.Object)'> (0x000000008ca1d3f0) 
thrown [s\src\hotspot\share\interpreter\linkResolver.cpp, line 759]
Event: 0.341 Thread 0x00000267f3314720 Exception <a 'java/lang/ClassNotFoundException'{0x000000008ca473a8}: javax/smartcardio/CardPermission> (0x000000008ca473a8) 
thrown [s\src\hotspot\share\classfile\systemDictionary.cpp, line 256]
Event: 0.343 Thread 0x00000267f3314720 Exception <a 'java/io/FileNotFoundException'{0x000000008ca555e8}> (0x000000008ca555e8) 
thrown [s\src\hotspot\share\prims\jni.cpp, line 516]
Event: 0.373 Thread 0x00000267f3314720 Exception <a 'java/lang/NoSuchMethodError'{0x000000008c85df68}: 'void java.lang.invoke.DirectMethodHandle$Holder.invokeStatic(java.lang.Object, java.lang.Object, java.lang.Object, java.lang.Object)'> (0x000000008c85df68) 
thrown [s\src\hotspot\share\interpreter\linkResolver.cpp, line 759]
Event: 0.390 Thread 0x00000267f3314720 Exception <a 'java/lang/NoSuchMethodError'{0x000000008c789338}: 'int java.lang.invoke.DirectMethodHandle$Holder.invokeStaticInit(java.lang.Object, java.lang.Object)'> (0x000000008c789338) 
thrown [s\src\hotspot\share\interpreter\linkResolver.cpp, line 759]
Event: 0.392 Thread 0x00000267f3314720 Exception <a 'java/lang/NoSuchMethodError'{0x000000008c7abee8}: 'void java.lang.invoke.DirectMethodHandle$Holder.invokeInterface(java.lang.Object, java.lang.Object, java.lang.Object, java.lang.Object)'> (0x000000008c7abee8) 
thrown [s\src\hotspot\share\interpreter\linkResolver.cpp, line 759]
Event: 0.418 Thread 0x00000267f3314720 Exception <a 'java/lang/NoSuchMethodError'{0x000000008c57a368}: 'java.lang.Object java.lang.invoke.DirectMethodHandle$Holder.invokeInterface(java.lang.Object, java.lang.Object)'> (0x000000008c57a368) 
thrown [s\src\hotspot\share\interpreter\linkResolver.cpp, line 759]
Event: 0.421 Thread 0x00000267f3314720 Exception <a 'java/lang/NoSuchMethodError'{0x000000008c5bec08}: 'java.lang.Object java.lang.invoke.DirectMethodHandle$Holder.invokeSpecialIFC(java.lang.Object, java.lang.Object, java.lang.Object, java.lang.Object)'> (0x000000008c5bec08) 
thrown [s\src\hotspot\share\interpreter\linkResolver.cpp, line 759]
Event: 0.423 Thread 0x00000267f3314720 Exception <a 'java/lang/NoSuchMethodError'{0x000000008c5de418}: 'java.lang.Object java.lang.invoke.DirectMethodHandle$Holder.invokeInterface(java.lang.Object, java.lang.Object, java.lang.Object)'> (0x000000008c5de418) 
thrown [s\src\hotspot\share\interpreter\linkResolver.cpp, line 759]
Event: 0.485 Thread 0x000002678640b000 Exception <a 'java/lang/NoSuchMethodError'{0x000000008d5a6fb8}: 'int java.lang.invoke.DirectMethodHandle$Holder.invokeStaticInit(java.lang.Object, java.lang.Object, java.lang.Object)'> (0x000000008d5a6fb8) 
thrown [s\src\hotspot\share\interpreter\linkResolver.cpp, line 759]
Event: 0.489 Thread 0x000002678640b000 Exception <a 'java/lang/NoSuchMethodError'{0x000000008d5d4af0}: 'java.lang.Object java.lang.invoke.DirectMethodHandle$Holder.invokeVirtual(java.lang.Object, java.lang.Object, java.lang.Object)'> (0x000000008d5d4af0) 
thrown [s\src\hotspot\share\interpreter\linkResolver.cpp, line 759]
Event: 0.491 Thread 0x000002678640b000 Exception <a 'java/lang/NoSuchMethodError'{0x000000008d406c48}: 'java.lang.Object java.lang.invoke.DirectMethodHandle$Holder.newInvokeSpecial(java.lang.Object, java.lang.Object, java.lang.Object, java.lang.Object, java.lang.Object)'> (0x000000008d406c48) 
thrown [s\src\hotspot\share\interpreter\linkResolver.cpp, line 759]
Event: 0.494 Thread 0x000002678640b000 Exception <a 'java/lang/NoSuchMethodError'{0x000000008d455d78}: 'java.lang.Object java.lang.invoke.DirectMethodHandle$Holder.invokeStaticInit(java.lang.Object, java.lang.Object, java.lang.Object)'> (0x000000008d455d78) 
thrown [s\src\hotspot\share\interpreter\linkResolver.cpp, line 759]
Event: 0.500 Thread 0x000002678640b000 Exception <a 'java/lang/IncompatibleClassChangeError'{0x000000008d4c84a8}: Found class java.lang.Object, but interface was expected> (0x000000008d4c84a8) 
thrown [s\src\hotspot\share\interpreter\linkResolver.cpp, line 826]
Event: 0.508 Thread 0x000002678640b000 Exception <a 'sun/nio/fs/WindowsException'{0x000000008d348e28}> (0x000000008d348e28) 
thrown [s\src\hotspot\share\prims\jni.cpp, line 516]

VM Operations (18 events):
Event: 0.098 Executing VM operation: HandshakeAllThreads
Event: 0.098 Executing VM operation: HandshakeAllThreads done
Event: 0.168 Executing VM operation: HandshakeAllThreads
Event: 0.168 Executing VM operation: HandshakeAllThreads done
Event: 0.187 Executing VM operation: HandshakeAllThreads
Event: 0.187 Executing VM operation: HandshakeAllThreads done
Event: 0.232 Executing VM operation: HandshakeAllThreads
Event: 0.232 Executing VM operation: HandshakeAllThreads done
Event: 0.301 Executing VM operation: HandshakeAllThreads
Event: 0.301 Executing VM operation: HandshakeAllThreads done
Event: 0.319 Executing VM operation: HandshakeAllThreads
Event: 0.319 Executing VM operation: HandshakeAllThreads done
Event: 0.321 Executing VM operation: HandshakeAllThreads
Event: 0.321 Executing VM operation: HandshakeAllThreads done
Event: 0.448 Executing VM operation: G1CollectForAllocation
Event: 0.452 Executing VM operation: G1CollectForAllocation done
Event: 0.508 Executing VM operation: HandshakeAllThreads
Event: 0.508 Executing VM operation: HandshakeAllThreads done

Events (20 events):
Event: 0.534 loading class java/time/DateTimeException done
Event: 0.534 loading class java/time/format/DateTimeParseException done
Event: 0.535 loading class java/time/OffsetTime
Event: 0.535 loading class java/time/OffsetTime done
Event: 0.536 loading class java/time/Year
Event: 0.536 loading class java/time/Year done
Event: 0.536 loading class java/time/Month
Event: 0.536 loading class java/time/Month done
Event: 0.537 loading class java/time/YearMonth
Event: 0.537 loading class java/time/YearMonth done
Event: 0.538 loading class java/time/MonthDay
Event: 0.538 loading class java/time/MonthDay done
Event: 0.540 loading class sun/reflect/generics/tree/CharSignature
Event: 0.540 loading class sun/reflect/generics/tree/CharSignature done
Event: 0.540 loading class sun/reflect/generics/tree/ArrayTypeSignature
Event: 0.540 loading class sun/reflect/generics/tree/ArrayTypeSignature done
Event: 0.540 loading class java/net/UnknownHostException
Event: 0.540 loading class java/net/UnknownHostException done
Event: 0.545 loading class sun/reflect/generics/tree/ByteSignature
Event: 0.545 loading class sun/reflect/generics/tree/ByteSignature done


Dynamic libraries:
0x00007ff63a460000 - 0x00007ff63a46d000 	C:\Users\sol\.jdks\corretto-17.0.8.1\bin\java.exe
0x00007ff909210000 - 0x00007ff909408000 	C:\WINDOWS\SYSTEM32\ntdll.dll
0x00007ff908020000 - 0x00007ff9080dd000 	C:\WINDOWS\System32\KERNEL32.DLL
0x00007ff906f40000 - 0x00007ff907236000 	C:\WINDOWS\System32\KERNELBASE.dll
0x00007ff906ad0000 - 0x00007ff906bd0000 	C:\WINDOWS\System32\ucrtbase.dll
0x00007ff8fed10000 - 0x00007ff8fed27000 	C:\Users\sol\.jdks\corretto-17.0.8.1\bin\jli.dll
0x00007ff8fecf0000 - 0x00007ff8fed05000 	C:\Users\sol\.jdks\corretto-17.0.8.1\bin\VCRUNTIME140.dll
0x00007ff908f60000 - 0x00007ff9090fe000 	C:\WINDOWS\System32\USER32.dll
0x00007ff9068c0000 - 0x00007ff9068e2000 	C:\WINDOWS\System32\win32u.dll
0x00007ff907f60000 - 0x00007ff907f8b000 	C:\WINDOWS\System32\GDI32.dll
0x00007ff9069b0000 - 0x00007ff906ac7000 	C:\WINDOWS\System32\gdi32full.dll
0x00007ff906c20000 - 0x00007ff906cbd000 	C:\WINDOWS\System32\msvcp_win.dll
0x00007ff8f09a0000 - 0x00007ff8f0c3a000 	C:\WINDOWS\WinSxS\amd64_microsoft.windows.common-controls_6595b64144ccf1df_6.0.19041.3636_none_60b6a03d71f818d5\COMCTL32.dll
0x00007ff908ec0000 - 0x00007ff908f5e000 	C:\WINDOWS\System32\msvcrt.dll
0x00007ff909190000 - 0x00007ff9091c2000 	C:\WINDOWS\System32\IMM32.DLL
0x00007ff8d2c50000 - 0x00007ff8d2ceb000 	C:\Users\sol\.jdks\corretto-17.0.8.1\bin\msvcp140.dll
0x00007ff872760000 - 0x00007ff87337d000 	C:\Users\sol\.jdks\corretto-17.0.8.1\bin\server\jvm.dll
0x00007ff9076a0000 - 0x00007ff907750000 	C:\WINDOWS\System32\ADVAPI32.dll
0x00007ff9080e0000 - 0x00007ff908180000 	C:\WINDOWS\System32\sechost.dll
0x00007ff907dc0000 - 0x00007ff907ee5000 	C:\WINDOWS\System32\RPCRT4.dll
0x00007ff906980000 - 0x00007ff9069a7000 	C:\WINDOWS\System32\bcrypt.dll
0x00007ff905e60000 - 0x00007ff905eab000 	C:\WINDOWS\SYSTEM32\POWRPROF.dll
0x00007ff8df550000 - 0x00007ff8df559000 	C:\WINDOWS\SYSTEM32\WSOCK32.dll
0x00007ff8f9ac0000 - 0x00007ff8f9ae7000 	C:\WINDOWS\SYSTEM32\WINMM.dll
0x00007ff908240000 - 0x00007ff9082ab000 	C:\WINDOWS\System32\WS2_32.dll
0x00007ff8fc640000 - 0x00007ff8fc64a000 	C:\WINDOWS\SYSTEM32\VERSION.dll
0x00007ff905cd0000 - 0x00007ff905ce2000 	C:\WINDOWS\SYSTEM32\UMPDC.dll
0x00007ff905100000 - 0x00007ff905112000 	C:\WINDOWS\SYSTEM32\kernel.appcore.dll
0x00007ff8fece0000 - 0x00007ff8fecea000 	C:\Users\sol\.jdks\corretto-17.0.8.1\bin\jimage.dll
0x00007ff904620000 - 0x00007ff904804000 	C:\WINDOWS\SYSTEM32\DBGHELP.DLL
0x00007ff8f6fd0000 - 0x00007ff8f7004000 	C:\WINDOWS\SYSTEM32\dbgcore.DLL
0x00007ff9068f0000 - 0x00007ff906972000 	C:\WINDOWS\System32\bcryptPrimitives.dll
0x00007ff902090000 - 0x00007ff90209e000 	C:\Users\sol\.jdks\corretto-17.0.8.1\bin\instrument.dll
0x00007ff8d2c20000 - 0x00007ff8d2c45000 	C:\Users\sol\.jdks\corretto-17.0.8.1\bin\java.dll
0x00007ff8d2b40000 - 0x00007ff8d2c16000 	C:\Users\sol\.jdks\corretto-17.0.8.1\bin\jsvml.dll
0x00007ff908360000 - 0x00007ff908acb000 	C:\WINDOWS\System32\SHELL32.dll
0x00007ff904950000 - 0x00007ff9050ee000 	C:\WINDOWS\SYSTEM32\windows.storage.dll
0x00007ff907260000 - 0x00007ff9075b3000 	C:\WINDOWS\System32\combase.dll
0x00007ff9062f0000 - 0x00007ff90631e000 	C:\WINDOWS\SYSTEM32\Wldp.dll
0x00007ff907cf0000 - 0x00007ff907dbd000 	C:\WINDOWS\System32\OLEAUT32.dll
0x00007ff9082b0000 - 0x00007ff90835d000 	C:\WINDOWS\System32\SHCORE.dll
0x00007ff9081e0000 - 0x00007ff908235000 	C:\WINDOWS\System32\shlwapi.dll
0x00007ff9067f0000 - 0x00007ff906815000 	C:\WINDOWS\SYSTEM32\profapi.dll
0x00007ff8d2b00000 - 0x00007ff8d2b18000 	C:\Users\sol\.jdks\corretto-17.0.8.1\bin\zip.dll
0x00007ff8fecc0000 - 0x00007ff8fecd9000 	C:\Users\sol\.jdks\corretto-17.0.8.1\bin\net.dll
0x00007ff900f30000 - 0x00007ff90103a000 	C:\WINDOWS\SYSTEM32\WINHTTP.dll
0x00007ff906050000 - 0x00007ff9060ba000 	C:\WINDOWS\system32\mswsock.dll
0x00007ff8d2b20000 - 0x00007ff8d2b35000 	C:\Users\sol\.jdks\corretto-17.0.8.1\bin\nio.dll
0x00007ff902070000 - 0x00007ff90208a000 	C:\Program Files\JetBrains\IntelliJ IDEA 2023.1\bin\breakgen64.dll
0x00007ff905d40000 - 0x00007ff905e0b000 	C:\WINDOWS\SYSTEM32\DNSAPI.dll
0x00007ff905cf0000 - 0x00007ff905d2b000 	C:\WINDOWS\SYSTEM32\IPHLPAPI.DLL
0x00007ff907f50000 - 0x00007ff907f58000 	C:\WINDOWS\System32\NSI.dll
0x00007ff8fee00000 - 0x00007ff8fee0a000 	C:\Windows\System32\rasadhlp.dll
0x00007ff8fe4e0000 - 0x00007ff8fe560000 	C:\WINDOWS\System32\fwpuclnt.dll
0x00007ff8f50a0000 - 0x00007ff8f50a9000 	C:\Users\sol\.jdks\corretto-17.0.8.1\bin\management.dll
0x00007ff8f04b0000 - 0x00007ff8f04bb000 	C:\Users\sol\.jdks\corretto-17.0.8.1\bin\management_ext.dll
0x00007ff907750000 - 0x00007ff907758000 	C:\WINDOWS\System32\PSAPI.DLL
0x00007ff906240000 - 0x00007ff906258000 	C:\WINDOWS\SYSTEM32\CRYPTSP.dll
0x00007ff905910000 - 0x00007ff905944000 	C:\WINDOWS\system32\rsaenh.dll
0x00007ff9067b0000 - 0x00007ff9067de000 	C:\WINDOWS\SYSTEM32\USERENV.dll
0x00007ff906260000 - 0x00007ff90626c000 	C:\WINDOWS\SYSTEM32\CRYPTBASE.dll
0x00007ff8fee70000 - 0x00007ff8fee87000 	C:\WINDOWS\SYSTEM32\dhcpcsvc6.DLL
0x00007ff8ff630000 - 0x00007ff8ff64d000 	C:\WINDOWS\SYSTEM32\dhcpcsvc.DLL
0x00007ff8dc070000 - 0x00007ff8dc087000 	C:\WINDOWS\system32\napinsp.dll
0x00007ff8dc040000 - 0x00007ff8dc05b000 	C:\WINDOWS\system32\pnrpnsp.dll
0x00007ff9011a0000 - 0x00007ff9011b5000 	C:\WINDOWS\system32\wshbth.dll
0x00007ff901de0000 - 0x00007ff901dfd000 	C:\WINDOWS\system32\NLAapi.dll
0x00007ff8dbfb0000 - 0x00007ff8dbfc2000 	C:\WINDOWS\System32\winrnr.dll

dbghelp: loaded successfully - version: 4.0.5 - missing functions: none
symbol engine: initialized successfully - sym options: 0x614 - pdb path: .;C:\Users\sol\.jdks\corretto-17.0.8.1\bin;C:\WINDOWS\SYSTEM32;C:\WINDOWS\WinSxS\amd64_microsoft.windows.common-controls_6595b64144ccf1df_6.0.19041.3636_none_60b6a03d71f818d5;C:\Users\sol\.jdks\corretto-17.0.8.1\bin\server;C:\Program Files\JetBrains\IntelliJ IDEA 2023.1\bin

VM Arguments:
jvm_args: -XX:TieredStopAtLevel=1 -Dspring.output.ansi.enabled=always -Dcom.sun.management.jmxremote -Dspring.jmx.enabled=true -Dspring.liveBeansView.mbeanDomain -Dspring.application.admin.enabled=true -Dmanagement.endpoints.jmx.exposure.include=* -javaagent:C:\Program Files\JetBrains\IntelliJ IDEA 2023.1\lib\idea_rt.jar=54882:C:\Program Files\JetBrains\IntelliJ IDEA 2023.1\bin -Dfile.encoding=UTF-8 
java_command: proj.petbuddy.PetbuddyApplication
java_class_path (initial): C:\Users\sol\Desktop\StyleShare\out\production\classes;C:\Users\sol\Desktop\StyleShare\out\production\resources;C:\Users\sol\.gradle\caches\modules-2\files-2.1\org.projectlombok\lombok\1.18.22\9c08ea24c6eb714e2d6170e8122c069a0ba9aacf\lombok-1.18.22.jar;C:\Users\sol\.gradle\caches\modules-2\files-2.1\org.springframework.boot\spring-boot-starter-security\3.1.4\1c1ab40bcb9037a32b6f4dc9d48d705d9d0679fa\spring-boot-starter-security-3.1.4.jar;C:\Users\sol\.gradle\caches\modules-2\files-2.1\org.springframework.boot\spring-boot-starter-validation\3.1.4\cc8321cfdf6c916d53f693a394a11e1a9b009220\spring-boot-starter-validation-3.1.4.jar;C:\Users\sol\.gradle\caches\modules-2\files-2.1\org.thymeleaf.extras\thymeleaf-extras-springsecurity6\3.1.2.RELEASE\574c188eb147191e2f162419e9fc780fcf3256d7\thymeleaf-extras-springsecurity6-3.1.2.RELEASE.jar;C:\Users\sol\.gradle\caches\modules-2\files-2.1\org.springframework.boot\spring-boot-starter-data-jpa\3.1.4\f01d5f2ecbfef3159879c4a8450b49620ffb96c\spring-boot-starter-data-jpa-3.1.4.jar;C:\Users\sol\.gradle\caches\modules-2\files-2.1\org.springframework.boot\spring-boot-starter-thymeleaf\3.1.4\15d1da5319a8504fe8913778b2360bdd0f35520c\spring-boot-starter-thymeleaf-3.1.4.jar;C:\Users\sol\.gradle\caches\modules-2\files-2.1\org.springframework.boot\spring-boot-starter-web\3.1.4\a0da0751207173c93f9e92e74cae430b53544576\spring-boot-starter-web-3.1.4.jar;C:\Users\sol\.gradle\caches\modules-2\files-2.1\org.springframework.boot\spring-boot-devtools\3.1.4\41aad5bafdbcc2a5a07db8f937991f40fd8928f9\spring-boot-devtools-3.1.4.jar;C:\Users\sol\.gradle\caches\modules-2\files-2.1\com.github.gavlyukovskiy\p6spy-spring-boot-starter\1.9.0\b51740224ed4f0cdca7ba93fe9167e7b97064f41\p6spy-spring-boot-starter-1.9.0.jar;C:\Users\sol\.gradle\caches\modules-2\files-2.1\org.javassist\javassist\3.15.0-GA\79907309ca4bb4e5e51d4086cc4179b2611358d7\javassist-3.15.0-GA.jar;C:\Users\sol\.gradle\caches\modules-2\files-2.1\org.modelmapper\modelmappe
Launcher Type: SUN_STANDARD

[Global flags]
     intx CICompilerCount                          = 12                                        {product} {ergonomic}
     uint ConcGCThreads                            = 4                                         {product} {ergonomic}
     uint G1ConcRefinementThreads                  = 15                                        {product} {ergonomic}
   size_t G1HeapRegionSize                         = 1048576                                   {product} {ergonomic}
    uintx GCDrainStackTargetSize                   = 64                                        {product} {ergonomic}
   size_t InitialHeapSize                          = 130023424                                 {product} {ergonomic}
     bool ManagementServer                         = true                                      {product} {command line}
   size_t MarkStackSize                            = 4194304                                   {product} {ergonomic}
   size_t MaxHeapSize                              = 2048917504                                {product} {ergonomic}
   size_t MaxNewSize                               = 1228931072                                {product} {ergonomic}
   size_t MinHeapDeltaBytes                        = 1048576                                   {product} {ergonomic}
   size_t MinHeapSize                              = 8388608                                   {product} {ergonomic}
    uintx NonProfiledCodeHeapSize                  = 0                                      {pd product} {ergonomic}
     bool ProfileInterpreter                       = false                                  {pd product} {command line}
    uintx ProfiledCodeHeapSize                     = 0                                      {pd product} {ergonomic}
   size_t SoftMaxHeapSize                          = 2048917504                             {manageable} {ergonomic}
     intx TieredStopAtLevel                        = 1                                         {product} {command line}
     bool UseCompressedClassPointers               = true                           {product lp64_product} {ergonomic}
     bool UseCompressedOops                        = true                           {product lp64_product} {ergonomic}
     bool UseG1GC                                  = true                                      {product} {ergonomic}
     bool UseLargePagesIndividualAllocation        = false                                  {pd product} {ergonomic}

Logging:
Log output configuration:
 #0: stdout all=warning uptime,level,tags
 #1: stderr all=off uptime,level,tags

Environment Variables:
JAVA_HOME=C:\Program Files\Java\jdk-17
PATH=C:\Program Files\Common Files\Oracle\Java\javapath;C:\Dev\oracle\WINDOWS.X64_193000_db_home\bin;C:\Program Files (x86)\Common Files\Oracle\Java\javapath;C:\oraclexe\app\oracle\product\11.2.0\server\bin;C:\WINDOWS\system32;C:\WINDOWS;C:\WINDOWS\System32\Wbem;C:\WINDOWS\System32\WindowsPowerShell\v1.0\;C:\WINDOWS\System32\OpenSSH\;C:\Program Files\Git\cmd;C:\Program Files\Java\jdk-17bin;C:\Program Files (x86)\nodejs\;C:\Users\sol\AppData\Local\Microsoft\WindowsApps;C:\Users\sol\AppData\Local\GitHubDesktop\bin;C:\Users\sol\AppData\Local\Programs\Microsoft VS Code\bin;C:\Program Files (x86)\Brackets\;C:\Users\sol\AppData\Roaming\npm
USERNAME=sol
OS=Windows_NT
PROCESSOR_IDENTIFIER=Intel64 Family 6 Model 154 Stepping 3, GenuineIntel
TMP=C:\Users\sol\AppData\Local\Temp
TEMP=C:\Users\sol\AppData\Local\Temp



---------------  S Y S T E M  ---------------

OS:
 Windows 10 , 64 bit Build 19041 (10.0.19041.3636)
OS uptime: 0 days 5:39 hours

CPU: total 20 (initial active 20) (10 cores per cpu, 2 threads per core) family 6 model 154 stepping 3 microcode 0x429, cx8, cmov, fxsr, ht, mmx, 3dnowpref, sse, sse2, sse3, ssse3, sse4.1, sse4.2, popcnt, lzcnt, tsc, tscinvbit, avx, avx2, aes, erms, clmul, bmi1, bmi2, adx, sha, fma, vzeroupper, clflush, clflushopt, clwb
Processor Information for all 20 processors :
  Max Mhz: 2300, Current Mhz: 2300, Mhz Limit: 2300

Memory: 4k page, system-wide physical 7810M (672M free)
TotalPageFile size 16002M (AvailPageFile size 3M)
current process WorkingSet (physical memory assigned to process): 83M, peak: 83M
current process commit charge ("private bytes"): 237M, peak: 237M

vm_info: OpenJDK 64-Bit Server VM (17.0.8.1+8-LTS) for windows-amd64 JRE (17.0.8.1+8-LTS), built on Aug 19 2023 03:47:39 by "Administrator" with MS VC++ 15.9 (VS2017)

END.
