#
# There is insufficient memory for the Java Runtime Environment to continue.
# Native memory allocation (mmap) failed to map 65536 bytes for Failed to commit metaspace.
# Possible reasons:
#   The system is out of physical RAM or swap space
#   The process is running with CompressedOops enabled, and the Java Heap may be blocking the growth of the native heap
# Possible solutions:
#   Reduce memory load on the system
#   Increase physical memory or swap space
#   Check if swap backing store is full
#   Decrease Java heap size (-Xmx/-Xms)
#   Decrease number of Java threads
#   Decrease Java thread stack sizes (-Xss)
#   Set larger code cache with -XX:ReservedCodeCacheSize=
#   JVM is running with Unscaled Compressed Oops mode in which the Java heap is
#     placed in the first 4GB address space. The Java Heap base address is the
#     maximum limit for the native heap growth. Please use -XX:HeapBaseMinAddress
#     to set the Java Heap base and to place the Java Heap above 4GB virtual address.
# This output file may be truncated or incomplete.
#
#  Out of Memory Error (virtualSpaceNode.cpp:110), pid=20612, tid=29488
#
# JRE version: OpenJDK Runtime Environment Corretto-17.0.8.8.1 (17.0.8.1+8) (build 17.0.8.1+8-LTS)
# Java VM: OpenJDK 64-Bit Server VM Corretto-17.0.8.8.1 (17.0.8.1+8-LTS, mixed mode, emulated-client, sharing, tiered, compressed oops, compressed class ptrs, g1 gc, windows-amd64)
# No core dump will be written. Minidumps are not enabled by default on client versions of Windows
#

---------------  S U M M A R Y ------------

Command Line: -XX:TieredStopAtLevel=1 -Dspring.output.ansi.enabled=always -Dcom.sun.management.jmxremote -Dspring.jmx.enabled=true -Dspring.liveBeansView.mbeanDomain -Dspring.application.admin.enabled=true -Dmanagement.endpoints.jmx.exposure.include=* -javaagent:C:\Program Files\JetBrains\IntelliJ IDEA 2023.1\lib\idea_rt.jar=54888:C:\Program Files\JetBrains\IntelliJ IDEA 2023.1\bin -Dfile.encoding=UTF-8 proj.petbuddy.PetbuddyApplication

Host: 12th Gen Intel(R) Core(TM) i7-12700H, 20 cores, 7G,  Windows 10 , 64 bit Build 19041 (10.0.19041.3636)
Time: Fri Apr  5 20:25:49 2024  Windows 10 , 64 bit Build 19041 (10.0.19041.3636) elapsed time: 0.515182 seconds (0d 0h 0m 0s)

---------------  T H R E A D  ---------------

Current thread (0x00000186bea3cc50):  JavaThread "restartedMain" [_thread_in_vm, id=29488, stack(0x0000005e11800000,0x0000005e11900000)]

Stack: [0x0000005e11800000,0x0000005e11900000]
Native frames: (J=compiled Java code, j=interpreted, Vv=VM code, C=native code)
V  [jvm.dll+0x64c9da]
V  [jvm.dll+0x800834]
V  [jvm.dll+0x801fee]
V  [jvm.dll+0x802643]
V  [jvm.dll+0x23715b]
V  [jvm.dll+0x7fc8fb]
V  [jvm.dll+0x5f3916]
V  [jvm.dll+0x1b61be]
V  [jvm.dll+0x5f6164]
V  [jvm.dll+0x5f42cd]
V  [jvm.dll+0x359309]
V  [jvm.dll+0x1d6a89]
V  [jvm.dll+0x51ac49]
V  [jvm.dll+0x77ec6c]
V  [jvm.dll+0x77ed54]
V  [jvm.dll+0x3f3db5]
V  [jvm.dll+0x3f9a21]
C  [java.dll+0x17ec]

Java frames: (J=compiled Java code, j=interpreted, Vv=VM code)
J 1165  java.lang.ClassLoader.defineClass1(Ljava/lang/ClassLoader;Ljava/lang/String;[BIILjava/security/ProtectionDomain;Ljava/lang/String;)Ljava/lang/Class; java.base@17.0.8.1 (0 bytes) @ 0x00000186b46a2763 [0x00000186b46a26a0+0x00000000000000c3]
J 1187 c1 java.lang.ClassLoader.defineClass(Ljava/lang/String;[BIILjava/security/ProtectionDomain;)Ljava/lang/Class; java.base@17.0.8.1 (43 bytes) @ 0x00000186b46adb5c [0x00000186b46ada60+0x00000000000000fc]
J 1171 c1 jdk.internal.loader.BuiltinClassLoader.defineClass(Ljava/lang/String;Ljdk/internal/loader/Resource;)Ljava/lang/Class; java.base@17.0.8.1 (121 bytes) @ 0x00000186b46a9d64 [0x00000186b46a98a0+0x00000000000004c4]
J 1164 c1 jdk.internal.loader.BuiltinClassLoader.findClassOnClassPathOrNull(Ljava/lang/String;)Ljava/lang/Class; java.base@17.0.8.1 (64 bytes) @ 0x00000186b46a445c [0x00000186b46a41a0+0x00000000000002bc]
J 939 c1 jdk.internal.loader.BuiltinClassLoader.loadClassOrNull(Ljava/lang/String;Z)Ljava/lang/Class; java.base@17.0.8.1 (143 bytes) @ 0x00000186b464465c [0x00000186b4644200+0x000000000000045c]
J 1081 c1 jdk.internal.loader.ClassLoaders$AppClassLoader.loadClass(Ljava/lang/String;Z)Ljava/lang/Class; java.base@17.0.8.1 (40 bytes) @ 0x00000186b467ff24 [0x00000186b467fde0+0x0000000000000144]
J 1080 c1 java.lang.ClassLoader.loadClass(Ljava/lang/String;)Ljava/lang/Class; java.base@17.0.8.1 (7 bytes) @ 0x00000186b467efe4 [0x00000186b467efa0+0x0000000000000044]
v  ~StubRoutines::call_stub
j  org.springframework.boot.SpringApplication.run([Ljava/lang/String;)Lorg/springframework/context/ConfigurableApplicationContext;+48
j  org.springframework.boot.SpringApplication.run([Ljava/lang/Class;[Ljava/lang/String;)Lorg/springframework/context/ConfigurableApplicationContext;+9
j  org.springframework.boot.SpringApplication.run(Ljava/lang/Class;[Ljava/lang/String;)Lorg/springframework/context/ConfigurableApplicationContext;+9
j  proj.petbuddy.PetbuddyApplication.main([Ljava/lang/String;)V+3
v  ~StubRoutines::call_stub
j  jdk.internal.reflect.NativeMethodAccessorImpl.invoke0(Ljava/lang/reflect/Method;Ljava/lang/Object;[Ljava/lang/Object;)Ljava/lang/Object;+0 java.base@17.0.8.1
j  jdk.internal.reflect.NativeMethodAccessorImpl.invoke(Ljava/lang/Object;[Ljava/lang/Object;)Ljava/lang/Object;+133 java.base@17.0.8.1
j  jdk.internal.reflect.DelegatingMethodAccessorImpl.invoke(Ljava/lang/Object;[Ljava/lang/Object;)Ljava/lang/Object;+6 java.base@17.0.8.1
j  java.lang.reflect.Method.invoke(Ljava/lang/Object;[Ljava/lang/Object;)Ljava/lang/Object;+59 java.base@17.0.8.1
j  org.springframework.boot.devtools.restart.RestartLauncher.run()V+47
v  ~StubRoutines::call_stub

---------------  P R O C E S S  ---------------

Threads class SMR info:
_java_thread_list=0x00000187055d5480, length=21, elements={
0x00000186ac5afe40, 0x00000186bea06530, 0x00000186bea091c0, 0x00000186bea272a0,
0x00000186bea27e30, 0x00000186bea2b810, 0x00000186bea341e0, 0x00000186bea39d70,
0x00000186bea3c740, 0x00000186bea3db80, 0x00000186bf64d390, 0x00000186bf64d8b0,
0x00000186bf676c50, 0x00000186bf679180, 0x00000186bf6796a0, 0x00000186bf679bc0,
0x00000186bea3bd20, 0x00000186bea3a3d0, 0x00000186bea3c230, 0x00000186bea3a8e0,
0x00000186bea3cc50
}

Java Threads: ( => current thread )
  0x00000186ac5afe40 JavaThread "main" [_thread_blocked, id=19212, stack(0x0000005e0f700000,0x0000005e0f800000)]
  0x00000186bea06530 JavaThread "Reference Handler" daemon [_thread_blocked, id=976, stack(0x0000005e0fe00000,0x0000005e0ff00000)]
  0x00000186bea091c0 JavaThread "Finalizer" daemon [_thread_blocked, id=28652, stack(0x0000005e0ff00000,0x0000005e10000000)]
  0x00000186bea272a0 JavaThread "Signal Dispatcher" daemon [_thread_blocked, id=29300, stack(0x0000005e10000000,0x0000005e10100000)]
  0x00000186bea27e30 JavaThread "Attach Listener" daemon [_thread_blocked, id=27560, stack(0x0000005e10100000,0x0000005e10200000)]
  0x00000186bea2b810 JavaThread "Service Thread" daemon [_thread_blocked, id=29208, stack(0x0000005e10200000,0x0000005e10300000)]
  0x00000186bea341e0 JavaThread "Monitor Deflation Thread" daemon [_thread_blocked, id=27848, stack(0x0000005e10300000,0x0000005e10400000)]
  0x00000186bea39d70 JavaThread "C1 CompilerThread0" daemon [_thread_blocked, id=3640, stack(0x0000005e10400000,0x0000005e10500000)]
  0x00000186bea3c740 JavaThread "Sweeper thread" daemon [_thread_blocked, id=29660, stack(0x0000005e10500000,0x0000005e10600000)]
  0x00000186bea3db80 JavaThread "Common-Cleaner" daemon [_thread_blocked, id=29032, stack(0x0000005e10600000,0x0000005e10700000)]
  0x00000186bf64d390 JavaThread "C1 CompilerThread1" daemon [_thread_blocked, id=3748, stack(0x0000005e10700000,0x0000005e10800000)]
  0x00000186bf64d8b0 JavaThread "C1 CompilerThread2" daemon [_thread_blocked, id=27252, stack(0x0000005e10800000,0x0000005e10900000)]
  0x00000186bf676c50 JavaThread "C1 CompilerThread3" daemon [_thread_blocked, id=29608, stack(0x0000005e10900000,0x0000005e10a00000)]
  0x00000186bf679180 JavaThread "C1 CompilerThread4" daemon [_thread_blocked, id=29084, stack(0x0000005e10a00000,0x0000005e10b00000)]
  0x00000186bf6796a0 JavaThread "C1 CompilerThread5" daemon [_thread_blocked, id=24372, stack(0x0000005e10b00000,0x0000005e10c00000)]
  0x00000186bf679bc0 JavaThread "C1 CompilerThread6" daemon [_thread_blocked, id=28136, stack(0x0000005e10c00000,0x0000005e10d00000)]
  0x00000186bea3bd20 JavaThread "Monitor Ctrl-Break" daemon [_thread_in_native, id=29548, stack(0x0000005e10d00000,0x0000005e10e00000)]
  0x00000186bea3a3d0 JavaThread "Notification Thread" daemon [_thread_blocked, id=29308, stack(0x0000005e10e00000,0x0000005e10f00000)]
  0x00000186bea3c230 JavaThread "RMI TCP Accept-0" daemon [_thread_in_native, id=25464, stack(0x0000005e10f00000,0x0000005e11000000)]
  0x00000186bea3a8e0 JavaThread "Thread-0" [_thread_blocked, id=22480, stack(0x0000005e11700000,0x0000005e11800000)]
=>0x00000186bea3cc50 JavaThread "restartedMain" [_thread_in_vm, id=29488, stack(0x0000005e11800000,0x0000005e11900000)]

Other Threads:
  0x00000186bea01920 VMThread "VM Thread" [stack: 0x0000005e0fd00000,0x0000005e0fe00000] [id=16324]
  0x00000187051ea670 WatcherThread [stack: 0x0000005e11000000,0x0000005e11100000] [id=27036]
  0x00000186ac608ba0 GCTaskThread "GC Thread#0" [stack: 0x0000005e0f800000,0x0000005e0f900000] [id=29496]
  0x0000018705601940 GCTaskThread "GC Thread#1" [stack: 0x0000005e11100000,0x0000005e11200000] [id=21016]
  0x00000187055f15c0 GCTaskThread "GC Thread#2" [stack: 0x0000005e11200000,0x0000005e11300000] [id=26668]
  0x00000187055bfd40 GCTaskThread "GC Thread#3" [stack: 0x0000005e11300000,0x0000005e11400000] [id=13244]
  0x00000187055c0000 GCTaskThread "GC Thread#4" [stack: 0x0000005e11400000,0x0000005e11500000] [id=26256]
  0x000001870560ebe0 GCTaskThread "GC Thread#5" [stack: 0x0000005e11500000,0x0000005e11600000] [id=22912]
  0x000001870560eea0 GCTaskThread "GC Thread#6" [stack: 0x0000005e11600000,0x0000005e11700000] [id=23632]
  0x00000186ac619f40 ConcurrentGCThread "G1 Main Marker" [stack: 0x0000005e0f900000,0x0000005e0fa00000] [id=21684]
  0x00000186ac61a950 ConcurrentGCThread "G1 Conc#0" [stack: 0x0000005e0fa00000,0x0000005e0fb00000] [id=25200]
  0x00000186ac65dc40 ConcurrentGCThread "G1 Refine#0" [stack: 0x0000005e0fb00000,0x0000005e0fc00000] [id=16832]
  0x00000186ac65e670 ConcurrentGCThread "G1 Service" [stack: 0x0000005e0fc00000,0x0000005e0fd00000] [id=19336]

Threads with active compile tasks:

VM state: not at safepoint (normal execution)

VM Mutex/Monitor currently owned by a thread:  ([mutex/lock_event])
[0x00000186ac5a9640] Metaspace_lock - owner thread: 0x00000186bea3cc50

Heap address: 0x0000000085e00000, size: 1954 MB, Compressed Oops mode: 32-bit

CDS archive(s) mapped at: [0x00000186c0000000-0x00000186c0bd0000-0x00000186c0bd0000), size 12386304, SharedBaseAddress: 0x00000186c0000000, ArchiveRelocationMode: 1.
Compressed class space mapped at: 0x00000186c1000000-0x0000018701000000, reserved size: 1073741824
Narrow klass base: 0x00000186c0000000, Narrow klass shift: 0, Narrow klass range: 0x100000000

GC Precious Log:
 CPUs: 20 total, 20 available
 Memory: 7810M
 Large Page Support: Disabled
 NUMA Support: Disabled
 Compressed Oops: Enabled (32-bit)
 Heap Region Size: 1M
 Heap Min Capacity: 8M
 Heap Initial Capacity: 124M
 Heap Max Capacity: 1954M
 Pre-touch: Disabled
 Parallel Workers: 15
 Concurrent Workers: 4
 Concurrent Refinement Workers: 15
 Periodic GC: Disabled

Heap:
 garbage-first heap   total 126976K, used 14456K [0x0000000085e00000, 0x0000000100000000)
  region size 1024K, 10 young (10240K), 3 survivors (3072K)
 Metaspace       used 7363K, committed 7552K, reserved 1114112K
  class space    used 936K, committed 1024K, reserved 1048576K

Heap Regions: E=young(eden), S=young(survivor), O=old, HS=humongous(starts), HC=humongous(continues), CS=collection set, F=free, OA=open archive, CA=closed archive, TAMS=top-at-mark-start (previous, next)
|   0|0x0000000085e00000, 0x0000000085f00000, 0x0000000085f00000|100%|HS|  |TAMS 0x0000000085e00000, 0x0000000085e00000| Complete 
|   1|0x0000000085f00000, 0x0000000086000000, 0x0000000086000000|100%| O|  |TAMS 0x0000000085f00000, 0x0000000085f00000| Untracked 
|   2|0x0000000086000000, 0x0000000086100000, 0x0000000086100000|100%| O|  |TAMS 0x0000000086000000, 0x0000000086000000| Untracked 
|   3|0x0000000086100000, 0x0000000086200000, 0x0000000086200000|100%| O|  |TAMS 0x0000000086100000, 0x0000000086100000| Untracked 
|   4|0x0000000086200000, 0x0000000086300000, 0x0000000086300000|100%| O|  |TAMS 0x0000000086200000, 0x0000000086200000| Untracked 
|   5|0x0000000086300000, 0x000000008631e000, 0x0000000086400000| 11%| O|  |TAMS 0x0000000086300000, 0x0000000086300000| Untracked 
|   6|0x0000000086400000, 0x0000000086400000, 0x0000000086500000|  0%| F|  |TAMS 0x0000000086400000, 0x0000000086400000| Untracked 
|   7|0x0000000086500000, 0x0000000086500000, 0x0000000086600000|  0%| F|  |TAMS 0x0000000086500000, 0x0000000086500000| Untracked 
|   8|0x0000000086600000, 0x0000000086600000, 0x0000000086700000|  0%| F|  |TAMS 0x0000000086600000, 0x0000000086600000| Untracked 
|   9|0x0000000086700000, 0x0000000086700000, 0x0000000086800000|  0%| F|  |TAMS 0x0000000086700000, 0x0000000086700000| Untracked 
|  10|0x0000000086800000, 0x0000000086800000, 0x0000000086900000|  0%| F|  |TAMS 0x0000000086800000, 0x0000000086800000| Untracked 
|  11|0x0000000086900000, 0x0000000086900000, 0x0000000086a00000|  0%| F|  |TAMS 0x0000000086900000, 0x0000000086900000| Untracked 
|  12|0x0000000086a00000, 0x0000000086a00000, 0x0000000086b00000|  0%| F|  |TAMS 0x0000000086a00000, 0x0000000086a00000| Untracked 
|  13|0x0000000086b00000, 0x0000000086b00000, 0x0000000086c00000|  0%| F|  |TAMS 0x0000000086b00000, 0x0000000086b00000| Untracked 
|  14|0x0000000086c00000, 0x0000000086c00000, 0x0000000086d00000|  0%| F|  |TAMS 0x0000000086c00000, 0x0000000086c00000| Untracked 
|  15|0x0000000086d00000, 0x0000000086d00000, 0x0000000086e00000|  0%| F|  |TAMS 0x0000000086d00000, 0x0000000086d00000| Untracked 
|  16|0x0000000086e00000, 0x0000000086e00000, 0x0000000086f00000|  0%| F|  |TAMS 0x0000000086e00000, 0x0000000086e00000| Untracked 
|  17|0x0000000086f00000, 0x0000000086f00000, 0x0000000087000000|  0%| F|  |TAMS 0x0000000086f00000, 0x0000000086f00000| Untracked 
|  18|0x0000000087000000, 0x0000000087000000, 0x0000000087100000|  0%| F|  |TAMS 0x0000000087000000, 0x0000000087000000| Untracked 
|  19|0x0000000087100000, 0x0000000087100000, 0x0000000087200000|  0%| F|  |TAMS 0x0000000087100000, 0x0000000087100000| Untracked 
|  20|0x0000000087200000, 0x0000000087200000, 0x0000000087300000|  0%| F|  |TAMS 0x0000000087200000, 0x0000000087200000| Untracked 
|  21|0x0000000087300000, 0x0000000087300000, 0x0000000087400000|  0%| F|  |TAMS 0x0000000087300000, 0x0000000087300000| Untracked 
|  22|0x0000000087400000, 0x0000000087400000, 0x0000000087500000|  0%| F|  |TAMS 0x0000000087400000, 0x0000000087400000| Untracked 
|  23|0x0000000087500000, 0x0000000087500000, 0x0000000087600000|  0%| F|  |TAMS 0x0000000087500000, 0x0000000087500000| Untracked 
|  24|0x0000000087600000, 0x0000000087600000, 0x0000000087700000|  0%| F|  |TAMS 0x0000000087600000, 0x0000000087600000| Untracked 
|  25|0x0000000087700000, 0x0000000087700000, 0x0000000087800000|  0%| F|  |TAMS 0x0000000087700000, 0x0000000087700000| Untracked 
|  26|0x0000000087800000, 0x0000000087800000, 0x0000000087900000|  0%| F|  |TAMS 0x0000000087800000, 0x0000000087800000| Untracked 
|  27|0x0000000087900000, 0x0000000087900000, 0x0000000087a00000|  0%| F|  |TAMS 0x0000000087900000, 0x0000000087900000| Untracked 
|  28|0x0000000087a00000, 0x0000000087a00000, 0x0000000087b00000|  0%| F|  |TAMS 0x0000000087a00000, 0x0000000087a00000| Untracked 
|  29|0x0000000087b00000, 0x0000000087b00000, 0x0000000087c00000|  0%| F|  |TAMS 0x0000000087b00000, 0x0000000087b00000| Untracked 
|  30|0x0000000087c00000, 0x0000000087c00000, 0x0000000087d00000|  0%| F|  |TAMS 0x0000000087c00000, 0x0000000087c00000| Untracked 
|  31|0x0000000087d00000, 0x0000000087d00000, 0x0000000087e00000|  0%| F|  |TAMS 0x0000000087d00000, 0x0000000087d00000| Untracked 
|  32|0x0000000087e00000, 0x0000000087e00000, 0x0000000087f00000|  0%| F|  |TAMS 0x0000000087e00000, 0x0000000087e00000| Untracked 
|  33|0x0000000087f00000, 0x0000000087f00000, 0x0000000088000000|  0%| F|  |TAMS 0x0000000087f00000, 0x0000000087f00000| Untracked 
|  34|0x0000000088000000, 0x0000000088000000, 0x0000000088100000|  0%| F|  |TAMS 0x0000000088000000, 0x0000000088000000| Untracked 
|  35|0x0000000088100000, 0x0000000088100000, 0x0000000088200000|  0%| F|  |TAMS 0x0000000088100000, 0x0000000088100000| Untracked 
|  36|0x0000000088200000, 0x0000000088200000, 0x0000000088300000|  0%| F|  |TAMS 0x0000000088200000, 0x0000000088200000| Untracked 
|  37|0x0000000088300000, 0x0000000088300000, 0x0000000088400000|  0%| F|  |TAMS 0x0000000088300000, 0x0000000088300000| Untracked 
|  38|0x0000000088400000, 0x0000000088400000, 0x0000000088500000|  0%| F|  |TAMS 0x0000000088400000, 0x0000000088400000| Untracked 
|  39|0x0000000088500000, 0x0000000088500000, 0x0000000088600000|  0%| F|  |TAMS 0x0000000088500000, 0x0000000088500000| Untracked 
|  40|0x0000000088600000, 0x0000000088600000, 0x0000000088700000|  0%| F|  |TAMS 0x0000000088600000, 0x0000000088600000| Untracked 
|  41|0x0000000088700000, 0x0000000088700000, 0x0000000088800000|  0%| F|  |TAMS 0x0000000088700000, 0x0000000088700000| Untracked 
|  42|0x0000000088800000, 0x0000000088800000, 0x0000000088900000|  0%| F|  |TAMS 0x0000000088800000, 0x0000000088800000| Untracked 
|  43|0x0000000088900000, 0x0000000088900000, 0x0000000088a00000|  0%| F|  |TAMS 0x0000000088900000, 0x0000000088900000| Untracked 
|  44|0x0000000088a00000, 0x0000000088a00000, 0x0000000088b00000|  0%| F|  |TAMS 0x0000000088a00000, 0x0000000088a00000| Untracked 
|  45|0x0000000088b00000, 0x0000000088b00000, 0x0000000088c00000|  0%| F|  |TAMS 0x0000000088b00000, 0x0000000088b00000| Untracked 
|  46|0x0000000088c00000, 0x0000000088c00000, 0x0000000088d00000|  0%| F|  |TAMS 0x0000000088c00000, 0x0000000088c00000| Untracked 
|  47|0x0000000088d00000, 0x0000000088d00000, 0x0000000088e00000|  0%| F|  |TAMS 0x0000000088d00000, 0x0000000088d00000| Untracked 
|  48|0x0000000088e00000, 0x0000000088e00000, 0x0000000088f00000|  0%| F|  |TAMS 0x0000000088e00000, 0x0000000088e00000| Untracked 
|  49|0x0000000088f00000, 0x0000000088f00000, 0x0000000089000000|  0%| F|  |TAMS 0x0000000088f00000, 0x0000000088f00000| Untracked 
|  50|0x0000000089000000, 0x0000000089000000, 0x0000000089100000|  0%| F|  |TAMS 0x0000000089000000, 0x0000000089000000| Untracked 
|  51|0x0000000089100000, 0x0000000089100000, 0x0000000089200000|  0%| F|  |TAMS 0x0000000089100000, 0x0000000089100000| Untracked 
|  52|0x0000000089200000, 0x0000000089200000, 0x0000000089300000|  0%| F|  |TAMS 0x0000000089200000, 0x0000000089200000| Untracked 
|  53|0x0000000089300000, 0x0000000089300000, 0x0000000089400000|  0%| F|  |TAMS 0x0000000089300000, 0x0000000089300000| Untracked 
|  54|0x0000000089400000, 0x0000000089400000, 0x0000000089500000|  0%| F|  |TAMS 0x0000000089400000, 0x0000000089400000| Untracked 
|  55|0x0000000089500000, 0x0000000089500000, 0x0000000089600000|  0%| F|  |TAMS 0x0000000089500000, 0x0000000089500000| Untracked 
|  56|0x0000000089600000, 0x0000000089600000, 0x0000000089700000|  0%| F|  |TAMS 0x0000000089600000, 0x0000000089600000| Untracked 
|  57|0x0000000089700000, 0x0000000089700000, 0x0000000089800000|  0%| F|  |TAMS 0x0000000089700000, 0x0000000089700000| Untracked 
|  58|0x0000000089800000, 0x0000000089800000, 0x0000000089900000|  0%| F|  |TAMS 0x0000000089800000, 0x0000000089800000| Untracked 
|  59|0x0000000089900000, 0x0000000089900000, 0x0000000089a00000|  0%| F|  |TAMS 0x0000000089900000, 0x0000000089900000| Untracked 
|  60|0x0000000089a00000, 0x0000000089a00000, 0x0000000089b00000|  0%| F|  |TAMS 0x0000000089a00000, 0x0000000089a00000| Untracked 
|  61|0x0000000089b00000, 0x0000000089b00000, 0x0000000089c00000|  0%| F|  |TAMS 0x0000000089b00000, 0x0000000089b00000| Untracked 
|  62|0x0000000089c00000, 0x0000000089c00000, 0x0000000089d00000|  0%| F|  |TAMS 0x0000000089c00000, 0x0000000089c00000| Untracked 
|  63|0x0000000089d00000, 0x0000000089d00000, 0x0000000089e00000|  0%| F|  |TAMS 0x0000000089d00000, 0x0000000089d00000| Untracked 
|  64|0x0000000089e00000, 0x0000000089e00000, 0x0000000089f00000|  0%| F|  |TAMS 0x0000000089e00000, 0x0000000089e00000| Untracked 
|  65|0x0000000089f00000, 0x0000000089f00000, 0x000000008a000000|  0%| F|  |TAMS 0x0000000089f00000, 0x0000000089f00000| Untracked 
|  66|0x000000008a000000, 0x000000008a000000, 0x000000008a100000|  0%| F|  |TAMS 0x000000008a000000, 0x000000008a000000| Untracked 
|  67|0x000000008a100000, 0x000000008a100000, 0x000000008a200000|  0%| F|  |TAMS 0x000000008a100000, 0x000000008a100000| Untracked 
|  68|0x000000008a200000, 0x000000008a200000, 0x000000008a300000|  0%| F|  |TAMS 0x000000008a200000, 0x000000008a200000| Untracked 
|  69|0x000000008a300000, 0x000000008a300000, 0x000000008a400000|  0%| F|  |TAMS 0x000000008a300000, 0x000000008a300000| Untracked 
|  70|0x000000008a400000, 0x000000008a400000, 0x000000008a500000|  0%| F|  |TAMS 0x000000008a400000, 0x000000008a400000| Untracked 
|  71|0x000000008a500000, 0x000000008a500000, 0x000000008a600000|  0%| F|  |TAMS 0x000000008a500000, 0x000000008a500000| Untracked 
|  72|0x000000008a600000, 0x000000008a600000, 0x000000008a700000|  0%| F|  |TAMS 0x000000008a600000, 0x000000008a600000| Untracked 
|  73|0x000000008a700000, 0x000000008a700000, 0x000000008a800000|  0%| F|  |TAMS 0x000000008a700000, 0x000000008a700000| Untracked 
|  74|0x000000008a800000, 0x000000008a800000, 0x000000008a900000|  0%| F|  |TAMS 0x000000008a800000, 0x000000008a800000| Untracked 
|  75|0x000000008a900000, 0x000000008a900000, 0x000000008aa00000|  0%| F|  |TAMS 0x000000008a900000, 0x000000008a900000| Untracked 
|  76|0x000000008aa00000, 0x000000008aa00000, 0x000000008ab00000|  0%| F|  |TAMS 0x000000008aa00000, 0x000000008aa00000| Untracked 
|  77|0x000000008ab00000, 0x000000008ab00000, 0x000000008ac00000|  0%| F|  |TAMS 0x000000008ab00000, 0x000000008ab00000| Untracked 
|  78|0x000000008ac00000, 0x000000008ac00000, 0x000000008ad00000|  0%| F|  |TAMS 0x000000008ac00000, 0x000000008ac00000| Untracked 
|  79|0x000000008ad00000, 0x000000008ad00000, 0x000000008ae00000|  0%| F|  |TAMS 0x000000008ad00000, 0x000000008ad00000| Untracked 
|  80|0x000000008ae00000, 0x000000008ae00000, 0x000000008af00000|  0%| F|  |TAMS 0x000000008ae00000, 0x000000008ae00000| Untracked 
|  81|0x000000008af00000, 0x000000008af00000, 0x000000008b000000|  0%| F|  |TAMS 0x000000008af00000, 0x000000008af00000| Untracked 
|  82|0x000000008b000000, 0x000000008b000000, 0x000000008b100000|  0%| F|  |TAMS 0x000000008b000000, 0x000000008b000000| Untracked 
|  83|0x000000008b100000, 0x000000008b100000, 0x000000008b200000|  0%| F|  |TAMS 0x000000008b100000, 0x000000008b100000| Untracked 
|  84|0x000000008b200000, 0x000000008b200000, 0x000000008b300000|  0%| F|  |TAMS 0x000000008b200000, 0x000000008b200000| Untracked 
|  85|0x000000008b300000, 0x000000008b300000, 0x000000008b400000|  0%| F|  |TAMS 0x000000008b300000, 0x000000008b300000| Untracked 
|  86|0x000000008b400000, 0x000000008b400000, 0x000000008b500000|  0%| F|  |TAMS 0x000000008b400000, 0x000000008b400000| Untracked 
|  87|0x000000008b500000, 0x000000008b500000, 0x000000008b600000|  0%| F|  |TAMS 0x000000008b500000, 0x000000008b500000| Untracked 
|  88|0x000000008b600000, 0x000000008b600000, 0x000000008b700000|  0%| F|  |TAMS 0x000000008b600000, 0x000000008b600000| Untracked 
|  89|0x000000008b700000, 0x000000008b700000, 0x000000008b800000|  0%| F|  |TAMS 0x000000008b700000, 0x000000008b700000| Untracked 
|  90|0x000000008b800000, 0x000000008b800000, 0x000000008b900000|  0%| F|  |TAMS 0x000000008b800000, 0x000000008b800000| Untracked 
|  91|0x000000008b900000, 0x000000008b900000, 0x000000008ba00000|  0%| F|  |TAMS 0x000000008b900000, 0x000000008b900000| Untracked 
|  92|0x000000008ba00000, 0x000000008ba00000, 0x000000008bb00000|  0%| F|  |TAMS 0x000000008ba00000, 0x000000008ba00000| Untracked 
|  93|0x000000008bb00000, 0x000000008bb00000, 0x000000008bc00000|  0%| F|  |TAMS 0x000000008bb00000, 0x000000008bb00000| Untracked 
|  94|0x000000008bc00000, 0x000000008bc00000, 0x000000008bd00000|  0%| F|  |TAMS 0x000000008bc00000, 0x000000008bc00000| Untracked 
|  95|0x000000008bd00000, 0x000000008bd00000, 0x000000008be00000|  0%| F|  |TAMS 0x000000008bd00000, 0x000000008bd00000| Untracked 
|  96|0x000000008be00000, 0x000000008be00000, 0x000000008bf00000|  0%| F|  |TAMS 0x000000008be00000, 0x000000008be00000| Untracked 
|  97|0x000000008bf00000, 0x000000008bf00000, 0x000000008c000000|  0%| F|  |TAMS 0x000000008bf00000, 0x000000008bf00000| Untracked 
|  98|0x000000008c000000, 0x000000008c100000, 0x000000008c100000|100%| S|CS|TAMS 0x000000008c000000, 0x000000008c000000| Complete 
|  99|0x000000008c100000, 0x000000008c200000, 0x000000008c200000|100%| S|CS|TAMS 0x000000008c100000, 0x000000008c100000| Complete 
| 100|0x000000008c200000, 0x000000008c300000, 0x000000008c300000|100%| S|CS|TAMS 0x000000008c200000, 0x000000008c200000| Complete 
| 101|0x000000008c300000, 0x000000008c300000, 0x000000008c400000|  0%| F|  |TAMS 0x000000008c300000, 0x000000008c300000| Untracked 
| 102|0x000000008c400000, 0x000000008c400000, 0x000000008c500000|  0%| F|  |TAMS 0x000000008c400000, 0x000000008c400000| Untracked 
| 103|0x000000008c500000, 0x000000008c500000, 0x000000008c600000|  0%| F|  |TAMS 0x000000008c500000, 0x000000008c500000| Untracked 
| 104|0x000000008c600000, 0x000000008c600000, 0x000000008c700000|  0%| F|  |TAMS 0x000000008c600000, 0x000000008c600000| Untracked 
| 105|0x000000008c700000, 0x000000008c700000, 0x000000008c800000|  0%| F|  |TAMS 0x000000008c700000, 0x000000008c700000| Untracked 
| 106|0x000000008c800000, 0x000000008c800000, 0x000000008c900000|  0%| F|  |TAMS 0x000000008c800000, 0x000000008c800000| Untracked 
| 107|0x000000008c900000, 0x000000008c900000, 0x000000008ca00000|  0%| F|  |TAMS 0x000000008c900000, 0x000000008c900000| Untracked 
| 108|0x000000008ca00000, 0x000000008ca00000, 0x000000008cb00000|  0%| F|  |TAMS 0x000000008ca00000, 0x000000008ca00000| Untracked 
| 109|0x000000008cb00000, 0x000000008cb00000, 0x000000008cc00000|  0%| F|  |TAMS 0x000000008cb00000, 0x000000008cb00000| Untracked 
| 110|0x000000008cc00000, 0x000000008cc00000, 0x000000008cd00000|  0%| F|  |TAMS 0x000000008cc00000, 0x000000008cc00000| Untracked 
| 111|0x000000008cd00000, 0x000000008cd00000, 0x000000008ce00000|  0%| F|  |TAMS 0x000000008cd00000, 0x000000008cd00000| Untracked 
| 112|0x000000008ce00000, 0x000000008ce00000, 0x000000008cf00000|  0%| F|  |TAMS 0x000000008ce00000, 0x000000008ce00000| Untracked 
| 113|0x000000008cf00000, 0x000000008cf00000, 0x000000008d000000|  0%| F|  |TAMS 0x000000008cf00000, 0x000000008cf00000| Untracked 
| 114|0x000000008d000000, 0x000000008d000000, 0x000000008d100000|  0%| F|  |TAMS 0x000000008d000000, 0x000000008d000000| Untracked 
| 115|0x000000008d100000, 0x000000008d100000, 0x000000008d200000|  0%| F|  |TAMS 0x000000008d100000, 0x000000008d100000| Untracked 
| 116|0x000000008d200000, 0x000000008d200000, 0x000000008d300000|  0%| F|  |TAMS 0x000000008d200000, 0x000000008d200000| Untracked 
| 117|0x000000008d300000, 0x000000008d400000, 0x000000008d400000|100%| E|  |TAMS 0x000000008d300000, 0x000000008d300000| Complete 
| 118|0x000000008d400000, 0x000000008d500000, 0x000000008d500000|100%| E|CS|TAMS 0x000000008d400000, 0x000000008d400000| Complete 
| 119|0x000000008d500000, 0x000000008d600000, 0x000000008d600000|100%| E|CS|TAMS 0x000000008d500000, 0x000000008d500000| Complete 
| 120|0x000000008d600000, 0x000000008d700000, 0x000000008d700000|100%| E|CS|TAMS 0x000000008d600000, 0x000000008d600000| Complete 
| 121|0x000000008d700000, 0x000000008d800000, 0x000000008d800000|100%| E|CS|TAMS 0x000000008d700000, 0x000000008d700000| Complete 
| 122|0x000000008d800000, 0x000000008d900000, 0x000000008d900000|100%| E|CS|TAMS 0x000000008d800000, 0x000000008d800000| Complete 
| 123|0x000000008d900000, 0x000000008da00000, 0x000000008da00000|100%| E|CS|TAMS 0x000000008d900000, 0x000000008d900000| Complete 

Card table byte_map: [0x00000186b7d10000,0x00000186b80f0000] _byte_map_base: 0x00000186b78e1000

Marking Bits (Prev, Next): (CMBitMap*) 0x00000186ac60a1d0, (CMBitMap*) 0x00000186ac60a210
 Prev Bits: [0x00000186b84d0000, 0x00000186ba358000)
 Next Bits: [0x00000186ba360000, 0x00000186bc1e8000)

Polling page: 0x00000186aa580000

Metaspace:

Usage:
  Non-class:      6.28 MB used.
      Class:    936.72 KB used.
       Both:      7.19 MB used.

Virtual space:
  Non-class space:       64.00 MB reserved,       6.38 MB ( 10%) committed,  1 nodes.
      Class space:        1.00 GB reserved,       1.00 MB ( <1%) committed,  1 nodes.
             Both:        1.06 GB reserved,       7.38 MB ( <1%) committed. 

Chunk freelists:
   Non-Class:  8.92 MB
       Class:  14.92 MB
        Both:  23.84 MB

MaxMetaspaceSize: unlimited
CompressedClassSpaceSize: 1.00 GB
Initial GC threshold: 21.00 MB
Current GC threshold: 21.00 MB
CDS: on
MetaspaceReclaimPolicy: balanced
 - commit_granule_bytes: 65536.
 - commit_granule_words: 8192.
 - virtual_space_node_default_size: 8388608.
 - enlarge_chunks_in_place: 1.
 - new_chunks_are_fully_committed: 0.
 - uncommit_free_chunks: 1.
 - use_allocation_guard: 0.
 - handle_deallocations: 1.


Internal statistics:

num_allocs_failed_limit: 0.
num_arena_births: 136.
num_arena_deaths: 0.
num_vsnodes_births: 2.
num_vsnodes_deaths: 0.
num_space_committed: 118.
num_space_uncommitted: 0.
num_chunks_returned_to_freelist: 0.
num_chunks_taken_from_freelist: 270.
num_chunk_merges: 0.
num_chunk_splits: 172.
num_chunks_enlarged: 113.
num_inconsistent_stats: 0.

CodeCache: size=49152Kb used=6445Kb max_used=6445Kb free=42706Kb
 bounds [0x00000186b40a0000, 0x00000186b46f0000, 0x00000186b70a0000]
 total_blobs=1801 nmethods=1341 adapters=382
 compilation: enabled
              stopped_count=0, restarted_count=0
 full_count=0

Compilation events (20 events):
Event: 0.503 Thread 0x00000186bf679bc0 1333       1       java.lang.PublicMethods$Key::matches (31 bytes)
Event: 0.503 Thread 0x00000186bf679bc0 nmethod 1333 0x00000186b46e7110 code [0x00000186b46e72c0, 0x00000186b46e7438]
Event: 0.505 Thread 0x00000186bf679bc0 1334       1       java.lang.invoke.InvokerBytecodeGenerator::emitReferenceCast (188 bytes)
Event: 0.505 Thread 0x00000186bf64d8b0 1335       1       java.lang.invoke.LambdaForm::useCount (61 bytes)
Event: 0.505 Thread 0x00000186bf64d8b0 nmethod 1335 0x00000186b46e7b90 code [0x00000186b46e7d40, 0x00000186b46e7ec8]
Event: 0.505 Thread 0x00000186bf679bc0 nmethod 1334 0x00000186b46e8010 code [0x00000186b46e8280, 0x00000186b46e87d8]
Event: 0.505 Thread 0x00000186bf679bc0 1336       1       java.lang.Class::getInterfaces (6 bytes)
Event: 0.505 Thread 0x00000186bf679bc0 nmethod 1336 0x00000186b46e8a90 code [0x00000186b46e8c20, 0x00000186b46e8d08]
Event: 0.505 Thread 0x00000186bf679bc0 1337       1       org.springframework.util.ConcurrentReferenceHashMap$SoftEntryReference::getHash (5 bytes)
Event: 0.505 Thread 0x00000186bf679bc0 nmethod 1337 0x00000186b46e8d90 code [0x00000186b46e8f20, 0x00000186b46e8ff8]
Event: 0.509 Thread 0x00000186bf679bc0 1338       1       java.lang.invoke.MethodHandles$Lookup$ClassFile::readUnsignedShort (39 bytes)
Event: 0.509 Thread 0x00000186bf64d390 1339       1       jdk.internal.org.objectweb.asm.ClassReader::<init> (371 bytes)
Event: 0.509 Thread 0x00000186bf64d8b0 1340       1       jdk.internal.org.objectweb.asm.ClassReader::getMaxStringLength (5 bytes)
Event: 0.509 Thread 0x00000186bf64d8b0 nmethod 1340 0x00000186b46e9090 code [0x00000186b46e9220, 0x00000186b46e92f8]
Event: 0.509 Thread 0x00000186bf679bc0 nmethod 1338 0x00000186b46e9390 code [0x00000186b46e9540, 0x00000186b46e96c8]
Event: 0.509 Thread 0x00000186bf6796a0 1341       1       java.util.LinkedHashMap$LinkedHashIterator::<init> (31 bytes)
Event: 0.509 Thread 0x00000186bf6796a0 nmethod 1341 0x00000186b46e9810 code [0x00000186b46e99a0, 0x00000186b46e9b58]
Event: 0.510 Thread 0x00000186bf64d390 nmethod 1339 0x00000186b46e9c10 code [0x00000186b46e9e60, 0x00000186b46eaa98]
Event: 0.510 Thread 0x00000186bf6796a0 1342       1       java.lang.Class::privateGetDeclaredConstructors (79 bytes)
Event: 0.510 Thread 0x00000186bf6796a0 nmethod 1342 0x00000186b46eaf90 code [0x00000186b46eb160, 0x00000186b46eb4c8]

GC Heap History (2 events):
Event: 0.451 GC heap before
{Heap before GC invocations=0 (full 0):
 garbage-first heap   total 126976K, used 23552K [0x0000000085e00000, 0x0000000100000000)
  region size 1024K, 23 young (23552K), 0 survivors (0K)
 Metaspace       used 6951K, committed 7232K, reserved 1114112K
  class space    used 881K, committed 1024K, reserved 1048576K
}
Event: 0.456 GC heap after
{Heap after GC invocations=1 (full 0):
 garbage-first heap   total 126976K, used 8312K [0x0000000085e00000, 0x0000000100000000)
  region size 1024K, 3 young (3072K), 3 survivors (3072K)
 Metaspace       used 6951K, committed 7232K, reserved 1114112K
  class space    used 881K, committed 1024K, reserved 1048576K
}

Dll operation events (11 events):
Event: 0.008 Loaded shared library C:\Users\sol\.jdks\corretto-17.0.8.1\bin\java.dll
Event: 0.020 Loaded shared library C:\Users\sol\.jdks\corretto-17.0.8.1\bin\jsvml.dll
Event: 0.097 Loaded shared library C:\Users\sol\.jdks\corretto-17.0.8.1\bin\zip.dll
Event: 0.101 Loaded shared library C:\Users\sol\.jdks\corretto-17.0.8.1\bin\instrument.dll
Event: 0.104 Loaded shared library C:\Users\sol\.jdks\corretto-17.0.8.1\bin\net.dll
Event: 0.106 Loaded shared library C:\Users\sol\.jdks\corretto-17.0.8.1\bin\nio.dll
Event: 0.108 Loaded shared library C:\Users\sol\.jdks\corretto-17.0.8.1\bin\zip.dll
Event: 0.161 Loaded shared library C:\Program Files\JetBrains\IntelliJ IDEA 2023.1\bin\breakgen64.dll
Event: 0.164 Loaded shared library C:\Users\sol\.jdks\corretto-17.0.8.1\bin\jimage.dll
Event: 0.175 Loaded shared library C:\Users\sol\.jdks\corretto-17.0.8.1\bin\management.dll
Event: 0.180 Loaded shared library C:\Users\sol\.jdks\corretto-17.0.8.1\bin\management_ext.dll

Deoptimization events (0 events):
No events

Classes unloaded (0 events):
No events

Classes redefined (0 events):
No events

Internal exceptions (20 events):
Event: 0.202 Thread 0x00000186ac5afe40 Exception <a 'java/lang/NoSuchMethodError'{0x000000008cfc9d28}: 'int java.lang.invoke.DirectMethodHandle$Holder.invokeSpecial(java.lang.Object, java.lang.Object, java.lang.Object)'> (0x000000008cfc9d28) 
thrown [s\src\hotspot\share\interpreter\linkResolver.cpp, line 759]
Event: 0.221 Thread 0x00000186ac5afe40 Exception <a 'java/lang/NoSuchMethodError'{0x000000008cec4e60}: 'void java.lang.invoke.DirectMethodHandle$Holder.invokeStatic(java.lang.Object, java.lang.Object, java.lang.Object)'> (0x000000008cec4e60) 
thrown [s\src\hotspot\share\interpreter\linkResolver.cpp, line 759]
Event: 0.225 Thread 0x00000186ac5afe40 Exception <a 'java/lang/NoSuchMethodError'{0x000000008cd01b98}: 'int java.lang.invoke.DirectMethodHandle$Holder.invokeSpecialIFC(java.lang.Object, java.lang.Object, java.lang.Object)'> (0x000000008cd01b98) 
thrown [s\src\hotspot\share\interpreter\linkResolver.cpp, line 759]
Event: 0.235 Thread 0x00000186ac5afe40 Exception <a 'java/lang/NoSuchMethodError'{0x000000008cd78c38}: 'java.lang.Object java.lang.invoke.DirectMethodHandle$Holder.invokeStaticInit(java.lang.Object, int, int, int, int)'> (0x000000008cd78c38) 
thrown [s\src\hotspot\share\interpreter\linkResolver.cpp, line 759]
Event: 0.288 Thread 0x00000186ac5afe40 Exception <a 'java/lang/NoSuchMethodError'{0x000000008cdefd08}: 'java.lang.Object java.lang.invoke.DirectMethodHandle$Holder.invokeStaticInit(java.lang.Object, java.lang.Object, int, int, int, int)'> (0x000000008cdefd08) 
thrown [s\src\hotspot\share\interpreter\linkResolver.cpp, line 759]
Event: 0.296 Thread 0x00000186ac5afe40 Exception <a 'java/lang/ClassNotFoundException'{0x000000008cc0e148}: javax/management/remote/rmi/RMIServerImpl_Skel> (0x000000008cc0e148) 
thrown [s\src\hotspot\share\classfile\systemDictionary.cpp, line 256]
Event: 0.341 Thread 0x00000186ac5afe40 Exception <a 'java/lang/NoSuchMethodError'{0x000000008cae83c0}: 'java.lang.Object java.lang.invoke.DirectMethodHandle$Holder.invokeSpecial(java.lang.Object, java.lang.Object, java.lang.Object, long, java.lang.Object)'> (0x000000008cae83c0) 
thrown [s\src\hotspot\share\interpreter\linkResolver.cpp, line 759]
Event: 0.341 Thread 0x00000186ac5afe40 Exception <a 'java/lang/NoSuchMethodError'{0x000000008caebf90}: 'java.lang.Object java.lang.invoke.Invokers$Holder.linkToTargetMethod(java.lang.Object, long, java.lang.Object, java.lang.Object)'> (0x000000008caebf90) 
thrown [s\src\hotspot\share\interpreter\linkResolver.cpp, line 759]
Event: 0.345 Thread 0x00000186ac5afe40 Exception <a 'java/lang/ClassNotFoundException'{0x000000008c916020}: javax/smartcardio/CardPermission> (0x000000008c916020) 
thrown [s\src\hotspot\share\classfile\systemDictionary.cpp, line 256]
Event: 0.347 Thread 0x00000186ac5afe40 Exception <a 'java/io/FileNotFoundException'{0x000000008c924260}> (0x000000008c924260) 
thrown [s\src\hotspot\share\prims\jni.cpp, line 516]
Event: 0.378 Thread 0x00000186ac5afe40 Exception <a 'java/lang/NoSuchMethodError'{0x000000008c72d390}: 'void java.lang.invoke.DirectMethodHandle$Holder.invokeStatic(java.lang.Object, java.lang.Object, java.lang.Object, java.lang.Object)'> (0x000000008c72d390) 
thrown [s\src\hotspot\share\interpreter\linkResolver.cpp, line 759]
Event: 0.395 Thread 0x00000186ac5afe40 Exception <a 'java/lang/NoSuchMethodError'{0x000000008c6572f8}: 'int java.lang.invoke.DirectMethodHandle$Holder.invokeStaticInit(java.lang.Object, java.lang.Object)'> (0x000000008c6572f8) 
thrown [s\src\hotspot\share\interpreter\linkResolver.cpp, line 759]
Event: 0.397 Thread 0x00000186ac5afe40 Exception <a 'java/lang/NoSuchMethodError'{0x000000008c67a428}: 'void java.lang.invoke.DirectMethodHandle$Holder.invokeInterface(java.lang.Object, java.lang.Object, java.lang.Object, java.lang.Object)'> (0x000000008c67a428) 
thrown [s\src\hotspot\share\interpreter\linkResolver.cpp, line 759]
Event: 0.425 Thread 0x00000186ac5afe40 Exception <a 'java/lang/NoSuchMethodError'{0x000000008c4498d8}: 'java.lang.Object java.lang.invoke.DirectMethodHandle$Holder.invokeInterface(java.lang.Object, java.lang.Object)'> (0x000000008c4498d8) 
thrown [s\src\hotspot\share\interpreter\linkResolver.cpp, line 759]
Event: 0.428 Thread 0x00000186ac5afe40 Exception <a 'java/lang/NoSuchMethodError'{0x000000008c48eae8}: 'java.lang.Object java.lang.invoke.DirectMethodHandle$Holder.invokeSpecialIFC(java.lang.Object, java.lang.Object, java.lang.Object, java.lang.Object)'> (0x000000008c48eae8) 
thrown [s\src\hotspot\share\interpreter\linkResolver.cpp, line 759]
Event: 0.430 Thread 0x00000186ac5afe40 Exception <a 'java/lang/NoSuchMethodError'{0x000000008c4ae2f8}: 'java.lang.Object java.lang.invoke.DirectMethodHandle$Holder.invokeInterface(java.lang.Object, java.lang.Object, java.lang.Object)'> (0x000000008c4ae2f8) 
thrown [s\src\hotspot\share\interpreter\linkResolver.cpp, line 759]
Event: 0.497 Thread 0x00000186bea3cc50 Exception <a 'java/lang/NoSuchMethodError'{0x000000008d4a2310}: 'int java.lang.invoke.DirectMethodHandle$Holder.invokeStaticInit(java.lang.Object, java.lang.Object, java.lang.Object)'> (0x000000008d4a2310) 
thrown [s\src\hotspot\share\interpreter\linkResolver.cpp, line 759]
Event: 0.500 Thread 0x00000186bea3cc50 Exception <a 'java/lang/NoSuchMethodError'{0x000000008d4cfe88}: 'java.lang.Object java.lang.invoke.DirectMethodHandle$Holder.invokeVirtual(java.lang.Object, java.lang.Object, java.lang.Object)'> (0x000000008d4cfe88) 
thrown [s\src\hotspot\share\interpreter\linkResolver.cpp, line 759]
Event: 0.502 Thread 0x00000186bea3cc50 Exception <a 'java/lang/NoSuchMethodError'{0x000000008d301ce8}: 'java.lang.Object java.lang.invoke.DirectMethodHandle$Holder.newInvokeSpecial(java.lang.Object, java.lang.Object, java.lang.Object, java.lang.Object, java.lang.Object)'> (0x000000008d301ce8) 
thrown [s\src\hotspot\share\interpreter\linkResolver.cpp, line 759]
Event: 0.505 Thread 0x00000186bea3cc50 Exception <a 'java/lang/NoSuchMethodError'{0x000000008d349948}: 'java.lang.Object java.lang.invoke.DirectMethodHandle$Holder.invokeStaticInit(java.lang.Object, java.lang.Object, java.lang.Object)'> (0x000000008d349948) 
thrown [s\src\hotspot\share\interpreter\linkResolver.cpp, line 759]

VM Operations (16 events):
Event: 0.092 Executing VM operation: HandshakeAllThreads
Event: 0.092 Executing VM operation: HandshakeAllThreads done
Event: 0.163 Executing VM operation: HandshakeAllThreads
Event: 0.163 Executing VM operation: HandshakeAllThreads done
Event: 0.184 Executing VM operation: HandshakeAllThreads
Event: 0.184 Executing VM operation: HandshakeAllThreads done
Event: 0.230 Executing VM operation: HandshakeAllThreads
Event: 0.230 Executing VM operation: HandshakeAllThreads done
Event: 0.303 Executing VM operation: HandshakeAllThreads
Event: 0.303 Executing VM operation: HandshakeAllThreads done
Event: 0.322 Executing VM operation: HandshakeAllThreads
Event: 0.322 Executing VM operation: HandshakeAllThreads done
Event: 0.325 Executing VM operation: HandshakeAllThreads
Event: 0.325 Executing VM operation: HandshakeAllThreads done
Event: 0.451 Executing VM operation: G1CollectForAllocation
Event: 0.456 Executing VM operation: G1CollectForAllocation done

Events (20 events):
Event: 0.444 loading class java/util/stream/ReduceOps$2ReducingSink
Event: 0.444 loading class java/util/stream/ReduceOps$2ReducingSink done
Event: 0.477 loading class java/util/regex/Pattern$BnM
Event: 0.477 loading class java/util/regex/Pattern$BnM done
Event: 0.477 loading class java/util/regex/Pattern$SliceS
Event: 0.477 loading class java/util/regex/Pattern$SliceS done
Event: 0.479 loading class java/util/concurrent/LinkedBlockingDeque$Node
Event: 0.479 loading class java/util/concurrent/LinkedBlockingDeque$Node done
Event: 0.480 Thread 0x00000186bea3a8e0 Thread added: 0x00000186bea3a8e0
Event: 0.482 Thread 0x00000186bea3cc50 Thread added: 0x00000186bea3cc50
Event: 0.482 loading class java/net/URLClassLoader$1
Event: 0.482 loading class java/net/URLClassLoader$1 done
Event: 0.499 loading class java/lang/invoke/MethodHandle$1
Event: 0.499 loading class java/lang/invoke/MethodHandle$1 done
Event: 0.510 loading class java/util/logging/ConsoleHandler
Event: 0.510 loading class java/util/logging/ConsoleHandler done
Event: 0.510 loading class java/util/logging/LogManager$CloseOnReset
Event: 0.510 loading class java/util/logging/LogManager$CloseOnReset done
Event: 0.510 loading class java/util/MissingResourceException
Event: 0.510 loading class java/util/MissingResourceException done


Dynamic libraries:
0x00007ff63a460000 - 0x00007ff63a46d000 	C:\Users\sol\.jdks\corretto-17.0.8.1\bin\java.exe
0x00007ff909210000 - 0x00007ff909408000 	C:\WINDOWS\SYSTEM32\ntdll.dll
0x00007ff908020000 - 0x00007ff9080dd000 	C:\WINDOWS\System32\KERNEL32.DLL
0x00007ff906f40000 - 0x00007ff907236000 	C:\WINDOWS\System32\KERNELBASE.dll
0x00007ff906ad0000 - 0x00007ff906bd0000 	C:\WINDOWS\System32\ucrtbase.dll
0x00007ff8fed10000 - 0x00007ff8fed27000 	C:\Users\sol\.jdks\corretto-17.0.8.1\bin\jli.dll
0x00007ff8fecf0000 - 0x00007ff8fed05000 	C:\Users\sol\.jdks\corretto-17.0.8.1\bin\VCRUNTIME140.dll
0x00007ff908f60000 - 0x00007ff9090fe000 	C:\WINDOWS\System32\USER32.dll
0x00007ff9068c0000 - 0x00007ff9068e2000 	C:\WINDOWS\System32\win32u.dll
0x00007ff907f60000 - 0x00007ff907f8b000 	C:\WINDOWS\System32\GDI32.dll
0x00007ff9069b0000 - 0x00007ff906ac7000 	C:\WINDOWS\System32\gdi32full.dll
0x00007ff906c20000 - 0x00007ff906cbd000 	C:\WINDOWS\System32\msvcp_win.dll
0x00007ff8f09a0000 - 0x00007ff8f0c3a000 	C:\WINDOWS\WinSxS\amd64_microsoft.windows.common-controls_6595b64144ccf1df_6.0.19041.3636_none_60b6a03d71f818d5\COMCTL32.dll
0x00007ff908ec0000 - 0x00007ff908f5e000 	C:\WINDOWS\System32\msvcrt.dll
0x00007ff909190000 - 0x00007ff9091c2000 	C:\WINDOWS\System32\IMM32.DLL
0x00007ff8d2c50000 - 0x00007ff8d2ceb000 	C:\Users\sol\.jdks\corretto-17.0.8.1\bin\msvcp140.dll
0x00007ff872760000 - 0x00007ff87337d000 	C:\Users\sol\.jdks\corretto-17.0.8.1\bin\server\jvm.dll
0x00007ff9076a0000 - 0x00007ff907750000 	C:\WINDOWS\System32\ADVAPI32.dll
0x00007ff9080e0000 - 0x00007ff908180000 	C:\WINDOWS\System32\sechost.dll
0x00007ff907dc0000 - 0x00007ff907ee5000 	C:\WINDOWS\System32\RPCRT4.dll
0x00007ff906980000 - 0x00007ff9069a7000 	C:\WINDOWS\System32\bcrypt.dll
0x00007ff905e60000 - 0x00007ff905eab000 	C:\WINDOWS\SYSTEM32\POWRPROF.dll
0x00007ff8df550000 - 0x00007ff8df559000 	C:\WINDOWS\SYSTEM32\WSOCK32.dll
0x00007ff8fc640000 - 0x00007ff8fc64a000 	C:\WINDOWS\SYSTEM32\VERSION.dll
0x00007ff908240000 - 0x00007ff9082ab000 	C:\WINDOWS\System32\WS2_32.dll
0x00007ff8f9ac0000 - 0x00007ff8f9ae7000 	C:\WINDOWS\SYSTEM32\WINMM.dll
0x00007ff905cd0000 - 0x00007ff905ce2000 	C:\WINDOWS\SYSTEM32\UMPDC.dll
0x00007ff905100000 - 0x00007ff905112000 	C:\WINDOWS\SYSTEM32\kernel.appcore.dll
0x00007ff8fece0000 - 0x00007ff8fecea000 	C:\Users\sol\.jdks\corretto-17.0.8.1\bin\jimage.dll
0x00007ff904620000 - 0x00007ff904804000 	C:\WINDOWS\SYSTEM32\DBGHELP.DLL
0x00007ff8f6fd0000 - 0x00007ff8f7004000 	C:\WINDOWS\SYSTEM32\dbgcore.DLL
0x00007ff9068f0000 - 0x00007ff906972000 	C:\WINDOWS\System32\bcryptPrimitives.dll
0x00007ff902090000 - 0x00007ff90209e000 	C:\Users\sol\.jdks\corretto-17.0.8.1\bin\instrument.dll
0x00007ff8d2c20000 - 0x00007ff8d2c45000 	C:\Users\sol\.jdks\corretto-17.0.8.1\bin\java.dll
0x00007ff8d2b40000 - 0x00007ff8d2c16000 	C:\Users\sol\.jdks\corretto-17.0.8.1\bin\jsvml.dll
0x00007ff908360000 - 0x00007ff908acb000 	C:\WINDOWS\System32\SHELL32.dll
0x00007ff904950000 - 0x00007ff9050ee000 	C:\WINDOWS\SYSTEM32\windows.storage.dll
0x00007ff907260000 - 0x00007ff9075b3000 	C:\WINDOWS\System32\combase.dll
0x00007ff9062f0000 - 0x00007ff90631e000 	C:\WINDOWS\SYSTEM32\Wldp.dll
0x00007ff907cf0000 - 0x00007ff907dbd000 	C:\WINDOWS\System32\OLEAUT32.dll
0x00007ff9082b0000 - 0x00007ff90835d000 	C:\WINDOWS\System32\SHCORE.dll
0x00007ff9081e0000 - 0x00007ff908235000 	C:\WINDOWS\System32\shlwapi.dll
0x00007ff9067f0000 - 0x00007ff906815000 	C:\WINDOWS\SYSTEM32\profapi.dll
0x00007ff8d2b00000 - 0x00007ff8d2b18000 	C:\Users\sol\.jdks\corretto-17.0.8.1\bin\zip.dll
0x00007ff8fecc0000 - 0x00007ff8fecd9000 	C:\Users\sol\.jdks\corretto-17.0.8.1\bin\net.dll
0x00007ff900f30000 - 0x00007ff90103a000 	C:\WINDOWS\SYSTEM32\WINHTTP.dll
0x00007ff906050000 - 0x00007ff9060ba000 	C:\WINDOWS\system32\mswsock.dll
0x00007ff8d2b20000 - 0x00007ff8d2b35000 	C:\Users\sol\.jdks\corretto-17.0.8.1\bin\nio.dll
0x00007ff8f04a0000 - 0x00007ff8f04ba000 	C:\Program Files\JetBrains\IntelliJ IDEA 2023.1\bin\breakgen64.dll
0x00007ff905d40000 - 0x00007ff905e0b000 	C:\WINDOWS\SYSTEM32\DNSAPI.dll
0x00007ff905cf0000 - 0x00007ff905d2b000 	C:\WINDOWS\SYSTEM32\IPHLPAPI.DLL
0x00007ff907f50000 - 0x00007ff907f58000 	C:\WINDOWS\System32\NSI.dll
0x00007ff8fee00000 - 0x00007ff8fee0a000 	C:\Windows\System32\rasadhlp.dll
0x00007ff8fe4e0000 - 0x00007ff8fe560000 	C:\WINDOWS\System32\fwpuclnt.dll
0x00007ff902080000 - 0x00007ff902089000 	C:\Users\sol\.jdks\corretto-17.0.8.1\bin\management.dll
0x00007ff902070000 - 0x00007ff90207b000 	C:\Users\sol\.jdks\corretto-17.0.8.1\bin\management_ext.dll
0x00007ff907750000 - 0x00007ff907758000 	C:\WINDOWS\System32\PSAPI.DLL
0x00007ff906240000 - 0x00007ff906258000 	C:\WINDOWS\SYSTEM32\CRYPTSP.dll
0x00007ff905910000 - 0x00007ff905944000 	C:\WINDOWS\system32\rsaenh.dll
0x00007ff9067b0000 - 0x00007ff9067de000 	C:\WINDOWS\SYSTEM32\USERENV.dll
0x00007ff906260000 - 0x00007ff90626c000 	C:\WINDOWS\SYSTEM32\CRYPTBASE.dll
0x00007ff8fee70000 - 0x00007ff8fee87000 	C:\WINDOWS\SYSTEM32\dhcpcsvc6.DLL
0x00007ff8ff630000 - 0x00007ff8ff64d000 	C:\WINDOWS\SYSTEM32\dhcpcsvc.DLL
0x00007ff8dc070000 - 0x00007ff8dc087000 	C:\WINDOWS\system32\napinsp.dll
0x00007ff8dc040000 - 0x00007ff8dc05b000 	C:\WINDOWS\system32\pnrpnsp.dll
0x00007ff9011a0000 - 0x00007ff9011b5000 	C:\WINDOWS\system32\wshbth.dll
0x00007ff901de0000 - 0x00007ff901dfd000 	C:\WINDOWS\system32\NLAapi.dll
0x00007ff8dbfb0000 - 0x00007ff8dbfc2000 	C:\WINDOWS\System32\winrnr.dll

dbghelp: loaded successfully - version: 4.0.5 - missing functions: none
symbol engine: initialized successfully - sym options: 0x614 - pdb path: .;C:\Users\sol\.jdks\corretto-17.0.8.1\bin;C:\WINDOWS\SYSTEM32;C:\WINDOWS\WinSxS\amd64_microsoft.windows.common-controls_6595b64144ccf1df_6.0.19041.3636_none_60b6a03d71f818d5;C:\Users\sol\.jdks\corretto-17.0.8.1\bin\server;C:\Program Files\JetBrains\IntelliJ IDEA 2023.1\bin

VM Arguments:
jvm_args: -XX:TieredStopAtLevel=1 -Dspring.output.ansi.enabled=always -Dcom.sun.management.jmxremote -Dspring.jmx.enabled=true -Dspring.liveBeansView.mbeanDomain -Dspring.application.admin.enabled=true -Dmanagement.endpoints.jmx.exposure.include=* -javaagent:C:\Program Files\JetBrains\IntelliJ IDEA 2023.1\lib\idea_rt.jar=54888:C:\Program Files\JetBrains\IntelliJ IDEA 2023.1\bin -Dfile.encoding=UTF-8 
java_command: proj.petbuddy.PetbuddyApplication
java_class_path (initial): C:\Users\sol\Desktop\StyleShare\out\production\classes;C:\Users\sol\Desktop\StyleShare\out\production\resources;C:\Users\sol\.gradle\caches\modules-2\files-2.1\org.projectlombok\lombok\1.18.22\9c08ea24c6eb714e2d6170e8122c069a0ba9aacf\lombok-1.18.22.jar;C:\Users\sol\.gradle\caches\modules-2\files-2.1\org.springframework.boot\spring-boot-starter-security\3.1.4\1c1ab40bcb9037a32b6f4dc9d48d705d9d0679fa\spring-boot-starter-security-3.1.4.jar;C:\Users\sol\.gradle\caches\modules-2\files-2.1\org.springframework.boot\spring-boot-starter-validation\3.1.4\cc8321cfdf6c916d53f693a394a11e1a9b009220\spring-boot-starter-validation-3.1.4.jar;C:\Users\sol\.gradle\caches\modules-2\files-2.1\org.thymeleaf.extras\thymeleaf-extras-springsecurity6\3.1.2.RELEASE\574c188eb147191e2f162419e9fc780fcf3256d7\thymeleaf-extras-springsecurity6-3.1.2.RELEASE.jar;C:\Users\sol\.gradle\caches\modules-2\files-2.1\org.springframework.boot\spring-boot-starter-data-jpa\3.1.4\f01d5f2ecbfef3159879c4a8450b49620ffb96c\spring-boot-starter-data-jpa-3.1.4.jar;C:\Users\sol\.gradle\caches\modules-2\files-2.1\org.springframework.boot\spring-boot-starter-thymeleaf\3.1.4\15d1da5319a8504fe8913778b2360bdd0f35520c\spring-boot-starter-thymeleaf-3.1.4.jar;C:\Users\sol\.gradle\caches\modules-2\files-2.1\org.springframework.boot\spring-boot-starter-web\3.1.4\a0da0751207173c93f9e92e74cae430b53544576\spring-boot-starter-web-3.1.4.jar;C:\Users\sol\.gradle\caches\modules-2\files-2.1\org.springframework.boot\spring-boot-devtools\3.1.4\41aad5bafdbcc2a5a07db8f937991f40fd8928f9\spring-boot-devtools-3.1.4.jar;C:\Users\sol\.gradle\caches\modules-2\files-2.1\com.github.gavlyukovskiy\p6spy-spring-boot-starter\1.9.0\b51740224ed4f0cdca7ba93fe9167e7b97064f41\p6spy-spring-boot-starter-1.9.0.jar;C:\Users\sol\.gradle\caches\modules-2\files-2.1\org.javassist\javassist\3.15.0-GA\79907309ca4bb4e5e51d4086cc4179b2611358d7\javassist-3.15.0-GA.jar;C:\Users\sol\.gradle\caches\modules-2\files-2.1\org.modelmapper\modelmappe
Launcher Type: SUN_STANDARD

[Global flags]
     intx CICompilerCount                          = 12                                        {product} {ergonomic}
     uint ConcGCThreads                            = 4                                         {product} {ergonomic}
     uint G1ConcRefinementThreads                  = 15                                        {product} {ergonomic}
   size_t G1HeapRegionSize                         = 1048576                                   {product} {ergonomic}
    uintx GCDrainStackTargetSize                   = 64                                        {product} {ergonomic}
   size_t InitialHeapSize                          = 130023424                                 {product} {ergonomic}
     bool ManagementServer                         = true                                      {product} {command line}
   size_t MarkStackSize                            = 4194304                                   {product} {ergonomic}
   size_t MaxHeapSize                              = 2048917504                                {product} {ergonomic}
   size_t MaxNewSize                               = 1228931072                                {product} {ergonomic}
   size_t MinHeapDeltaBytes                        = 1048576                                   {product} {ergonomic}
   size_t MinHeapSize                              = 8388608                                   {product} {ergonomic}
    uintx NonProfiledCodeHeapSize                  = 0                                      {pd product} {ergonomic}
     bool ProfileInterpreter                       = false                                  {pd product} {command line}
    uintx ProfiledCodeHeapSize                     = 0                                      {pd product} {ergonomic}
   size_t SoftMaxHeapSize                          = 2048917504                             {manageable} {ergonomic}
     intx TieredStopAtLevel                        = 1                                         {product} {command line}
     bool UseCompressedClassPointers               = true                           {product lp64_product} {ergonomic}
     bool UseCompressedOops                        = true                           {product lp64_product} {ergonomic}
     bool UseG1GC                                  = true                                      {product} {ergonomic}
     bool UseLargePagesIndividualAllocation        = false                                  {pd product} {ergonomic}

Logging:
Log output configuration:
 #0: stdout all=warning uptime,level,tags
 #1: stderr all=off uptime,level,tags

Environment Variables:
JAVA_HOME=C:\Program Files\Java\jdk-17
PATH=C:\Program Files\Common Files\Oracle\Java\javapath;C:\Dev\oracle\WINDOWS.X64_193000_db_home\bin;C:\Program Files (x86)\Common Files\Oracle\Java\javapath;C:\oraclexe\app\oracle\product\11.2.0\server\bin;C:\WINDOWS\system32;C:\WINDOWS;C:\WINDOWS\System32\Wbem;C:\WINDOWS\System32\WindowsPowerShell\v1.0\;C:\WINDOWS\System32\OpenSSH\;C:\Program Files\Git\cmd;C:\Program Files\Java\jdk-17bin;C:\Program Files (x86)\nodejs\;C:\Users\sol\AppData\Local\Microsoft\WindowsApps;C:\Users\sol\AppData\Local\GitHubDesktop\bin;C:\Users\sol\AppData\Local\Programs\Microsoft VS Code\bin;C:\Program Files (x86)\Brackets\;C:\Users\sol\AppData\Roaming\npm
USERNAME=sol
OS=Windows_NT
PROCESSOR_IDENTIFIER=Intel64 Family 6 Model 154 Stepping 3, GenuineIntel
TMP=C:\Users\sol\AppData\Local\Temp
TEMP=C:\Users\sol\AppData\Local\Temp



---------------  S Y S T E M  ---------------

OS:
 Windows 10 , 64 bit Build 19041 (10.0.19041.3636)
OS uptime: 0 days 5:39 hours

CPU: total 20 (initial active 20) (10 cores per cpu, 2 threads per core) family 6 model 154 stepping 3 microcode 0x429, cx8, cmov, fxsr, ht, mmx, 3dnowpref, sse, sse2, sse3, ssse3, sse4.1, sse4.2, popcnt, lzcnt, tsc, tscinvbit, avx, avx2, aes, erms, clmul, bmi1, bmi2, adx, sha, fma, vzeroupper, clflush, clflushopt, clwb
Processor Information for all 20 processors :
  Max Mhz: 2300, Current Mhz: 2300, Mhz Limit: 2300

Memory: 4k page, system-wide physical 7810M (666M free)
TotalPageFile size 16002M (AvailPageFile size 4M)
current process WorkingSet (physical memory assigned to process): 81M, peak: 81M
current process commit charge ("private bytes"): 236M, peak: 236M

vm_info: OpenJDK 64-Bit Server VM (17.0.8.1+8-LTS) for windows-amd64 JRE (17.0.8.1+8-LTS), built on Aug 19 2023 03:47:39 by "Administrator" with MS VC++ 15.9 (VS2017)

END.
